2746 DEBUG [2017-12-11 16:22:58]  Creating new ZookKeeper instance to connect to 127.0.0.1:2181.
2755 INFO  [2017-12-11 16:22:58]  Client environment:zookeeper.version=3.4.8--1, built on 02/06/2016 03:18 GMT
2755 INFO  [2017-12-11 16:22:58]  Client environment:host.name=songliang.xiaoniu.com
2755 INFO  [2017-12-11 16:22:58]  Starting ZkClient event thread.
2755 INFO  [2017-12-11 16:22:58]  Client environment:java.version=1.8.0_31
2755 INFO  [2017-12-11 16:22:58]  Client environment:java.vendor=Oracle Corporation
2755 INFO  [2017-12-11 16:22:58]  Client environment:java.home=D:\it_installed\java\jdk8\jre
2755 INFO  [2017-12-11 16:22:58]  Client environment:java.class.path=D:\it_installed\java\jdk8\jre\lib\charsets.jar;D:\it_installed\java\jdk8\jre\lib\deploy.jar;D:\it_installed\java\jdk8\jre\lib\ext\access-bridge-64.jar;D:\it_installed\java\jdk8\jre\lib\ext\cldrdata.jar;D:\it_installed\java\jdk8\jre\lib\ext\dnsns.jar;D:\it_installed\java\jdk8\jre\lib\ext\jaccess.jar;D:\it_installed\java\jdk8\jre\lib\ext\jfxrt.jar;D:\it_installed\java\jdk8\jre\lib\ext\localedata.jar;D:\it_installed\java\jdk8\jre\lib\ext\nashorn.jar;D:\it_installed\java\jdk8\jre\lib\ext\sunec.jar;D:\it_installed\java\jdk8\jre\lib\ext\sunjce_provider.jar;D:\it_installed\java\jdk8\jre\lib\ext\sunmscapi.jar;D:\it_installed\java\jdk8\jre\lib\ext\sunpkcs11.jar;D:\it_installed\java\jdk8\jre\lib\ext\zipfs.jar;D:\it_installed\java\jdk8\jre\lib\javaws.jar;D:\it_installed\java\jdk8\jre\lib\jce.jar;D:\it_installed\java\jdk8\jre\lib\jfr.jar;D:\it_installed\java\jdk8\jre\lib\jfxswt.jar;D:\it_installed\java\jdk8\jre\lib\jsse.jar;D:\it_installed\java\jdk8\jre\lib\management-agent.jar;D:\it_installed\java\jdk8\jre\lib\plugin.jar;D:\it_installed\java\jdk8\jre\lib\resources.jar;D:\it_installed\java\jdk8\jre\lib\rt.jar;D:\code\work\quickcall-svn\v1.1.1\quickcall-new\quickcall-user\quickcall-user-service\target\classes;D:\jars\work\com\honglu\quickcall\quickcall-common-third\1.0.0-SNAPSHOT\quickcall-common-third-1.0.0-SNAPSHOT.jar;D:\jars\work\org\springframework\spring-tx\4.3.12.RELEASE\spring-tx-4.3.12.RELEASE.jar;D:\jars\work\commons-beanutils\commons-beanutils\1.9.3\commons-beanutils-1.9.3.jar;D:\jars\work\commons-collections\commons-collections\3.2.2\commons-collections-3.2.2.jar;D:\jars\work\com\fasterxml\jackson\core\jackson-databind\2.9.2\jackson-databind-2.9.2.jar;D:\jars\work\com\fasterxml\jackson\core\jackson-annotations\2.9.0\jackson-annotations-2.9.0.jar;D:\jars\work\com\fasterxml\jackson\core\jackson-core\2.9.2\jackson-core-2.9.2.jar;D:\code\work\quickcall-svn\v1.1.1\quickcall-new\quickcall-user\quickcall-user-facade\target\classes;D:\jars\work\com\honglu\quickcall\quickcall-common-core\1.0.0-SNAPSHOT\quickcall-common-core-1.0.0-SNAPSHOT.jar;D:\jars\work\com\honglu\quickcall\quickcall-common-api\1.0.0-SNAPSHOT\quickcall-common-api-1.0.0-SNAPSHOT.jar;D:\jars\work\org\springframework\spring-aop\4.3.12.RELEASE\spring-aop-4.3.12.RELEASE.jar;D:\jars\work\org\springframework\spring-aspects\4.3.12.RELEASE\spring-aspects-4.3.12.RELEASE.jar;D:\jars\work\org\springframework\spring-beans\4.3.12.RELEASE\spring-beans-4.3.12.RELEASE.jar;D:\jars\work\org\springframework\spring-context\4.3.12.RELEASE\spring-context-4.3.12.RELEASE.jar;D:\jars\work\org\springframework\spring-expression\4.3.12.RELEASE\spring-expression-4.3.12.RELEASE.jar;D:\jars\work\org\springframework\spring-context-support\4.3.12.RELEASE\spring-context-support-4.3.12.RELEASE.jar;D:\jars\work\org\springframework\spring-core\4.3.12.RELEASE\spring-core-4.3.12.RELEASE.jar;D:\jars\work\commons-logging\commons-logging\1.2\commons-logging-1.2.jar;D:\jars\work\org\springframework\spring-jdbc\4.3.12.RELEASE\spring-jdbc-4.3.12.RELEASE.jar;D:\jars\work\org\springframework\spring-web\4.3.12.RELEASE\spring-web-4.3.12.RELEASE.jar;D:\jars\work\org\springframework\spring-webmvc\4.3.12.RELEASE\spring-webmvc-4.3.12.RELEASE.jar;D:\jars\work\org\aspectj\aspectjweaver\1.6.8\aspectjweaver-1.6.8.jar;D:\jars\work\org\apache\poi\poi\3.9\poi-3.9.jar;D:\jars\work\org\codehaus\plexus\plexus-utils\3.0.22\plexus-utils-3.0.22.jar;D:\jars\work\org\mybatis\mybatis\3.4.1\mybatis-3.4.1.jar;D:\jars\work\org\mybatis\mybatis-spring\1.3.0\mybatis-spring-1.3.0.jar;D:\jars\work\org\eclipse\persistence\javax.persistence\2.1.1\javax.persistence-2.1.1.jar;D:\jars\work\org\slf4j\slf4j-api\1.7.25\slf4j-api-1.7.25.jar;D:\jars\work\org\slf4j\slf4j-log4j12\1.7.25\slf4j-log4j12-1.7.25.jar;D:\jars\work\log4j\log4j\1.2.17\log4j-1.2.17.jar;D:\jars\work\org\lazyluke\log4jdbc-remix\0.2.7\log4jdbc-remix-0.2.7.jar;D:\jars\work\org\dom4j\dom4j\2.1.0\dom4j-2.1.0.jar;D:\jars\work\jaxen\jaxen\1.1.6\jaxen-1.1.6.jar;D:\jars\work\org\apache\httpcomponents\httpclient\4.5.2\httpclient-4.5.2.jar;D:\jars\work\org\apache\httpcomponents\httpcore\4.4.4\httpcore-4.4.4.jar;D:\jars\work\org\json\json\20160810\json-20160810.jar;D:\jars\work\commons-codec\commons-codec\1.10\commons-codec-1.10.jar;D:\jars\work\org\apache\commons\commons-collections4\4.1\commons-collections4-4.1.jar;D:\jars\work\commons-fileupload\commons-fileupload\1.3.1\commons-fileupload-1.3.1.jar;D:\jars\work\commons-io\commons-io\2.2\commons-io-2.2.jar;D:\jars\work\org\apache\commons\commons-lang3\3.3.2\commons-lang3-3.3.2.jar;D:\jars\work\com\alibaba\fastjson\1.2.31\fastjson-1.2.31.jar;D:\jars\work\com\alibaba\druid\1.1.5\druid-1.1.5.jar;D:\jars\work\com\alibaba\dubbo\2.8.4\dubbo-2.8.4.jar;D:\jars\work\org\apache\zookeeper\zookeeper\3.4.8\zookeeper-3.4.8.jar;D:\jars\work\com\github\sgroschupf\zkclient\0.1\zkclient-0.1.jar;D:\jars\work\org\objenesis\objenesis\2.1\objenesis-2.1.jar;D:\jars\work\com\esotericsoftware\minlog\minlog\1.3.0\minlog-1.3.0.jar;D:\jars\work\com\esotericsoftware\reflectasm\1.10.1\reflectasm-1.10.1.jar;D:\jars\work\org\ow2\asm\asm\5.0.3\asm-5.0.3.jar;D:\jars\work\javassist\javassist\3.12.0.GA\javassist-3.12.0.GA.jar;D:\jars\work\org\jboss\netty\netty\3.2.10.Final\netty-3.2.10.Final.jar;D:\jars\work\com\esotericsoftware\kryo\3.0.3\kryo-3.0.3.jar;D:\jars\work\de\javakaffee\kryo-serializers\0.37\kryo-serializers-0.37.jar;D:\jars\work\cglib\cglib\2.2.2\cglib-2.2.2.jar;D:\jars\work\asm\asm\3.3.1\asm-3.3.1.jar;D:\jars\work\aopalliance\aopalliance\1.0\aopalliance-1.0.jar;D:\jars\work\mysql\mysql-connector-java\5.1.38\mysql-connector-java-5.1.38.jar;D:\jars\work\jdom\jdom\1.0\jdom-1.0.jar;D:\jars\work\com\google\code\gson\gson\2.2.4\gson-2.2.4.jar;D:\jars\work\net\sf\json-lib\json-lib\2.4\json-lib-2.4.jar;D:\jars\work\net\sourceforge\jexcelapi\jxl\2.6.12\jxl-2.6.12.jar;D:\jars\work\it\sauronsoftware\cron4j\cron4j\2.2.5\cron4j-2.2.5.jar;D:\jars\work\it\sauronsoftware\jave\jave\1.0.2\jave-1.0.2.jar;D:\jars\work\cn\jpush\api\jpush-client\3.2.10\jpush-client-3.2.10.jar;D:\jars\work\com\tuputech\api\tupuApi\1.0.0\tupuApi-1.0.0.jar;D:\jars\work\com\qiniu\util\qiniu-java-sdk\7.2.8\qiniu-java-sdk-7.2.8.jar;D:\jars\work\com\alipay\api\alipay-sdk-java\20170209153223\alipay-sdk-java-20170209153223.jar;D:\jars\work\jp\sourceforge\qrcode\QRCode\1.0.0\QRCode-1.0.0.jar;D:\jars\work\cn\jiguang\commom\jiguang-common\0.1.4\jiguang-common-0.1.4.jar;D:\jars\work\com\qq\connect\qqSdk4J\1.0.0\qqSdk4J-1.0.0.jar;D:\jars\work\org\springframework\amqp\spring-amqp\1.4.3.RELEASE\spring-amqp-1.4.3.RELEASE.jar;D:\jars\work\org\springframework\amqp\spring-rabbit\1.4.3.RELEASE\spring-rabbit-1.4.3.RELEASE.jar;D:\jars\work\org\springframework\spring-messaging\4.1.3.RELEASE\spring-messaging-4.1.3.RELEASE.jar;D:\jars\work\org\springframework\retry\spring-retry\1.1.2.RELEASE\spring-retry-1.1.2.RELEASE.jar;D:\jars\work\com\rabbitmq\amqp-client\3.5.6\amqp-client-3.5.6.jar;D:\jars\work\redis\clients\jedis\2.2.0\jedis-2.2.0.jar;D:\jars\work\commons-pool\commons-pool\1.6\commons-pool-1.6.jar;D:\it_installed\idea_left\IntelliJ IDEA 2017.2.5\lib\idea_rt.jar
2761 INFO  [2017-12-11 16:22:58]  Client environment:java.library.path=D:\it_installed\java\jdk8\bin;C:\WINDOWS\Sun\Java\bin;C:\WINDOWS\system32;C:\WINDOWS;C:\Program Files (x86)\Common Files\NetSarang;C:\ProgramData\Oracle\Java\javapath;C:\windows\system32;C:\windows;C:\windows\System32\Wbem;C:\windows\System32\WindowsPowerShell\v1.0\;C:\Program Files (x86)\NVIDIA Corporation\PhysX\Common;D:\it_installed\java\jdk8\bin;D:\it_installed\tortoiseSVN\bin;C:\WINDOWS\system32;C:\WINDOWS;C:\WINDOWS\System32\Wbem;C:\WINDOWS\System32\WindowsPowerShell\v1.0\;D:\it_installed\apache-maven-3.3.3\bin;D:\it_installed\Git\cmd;C:\Users\songliang\AppData\Local\Microsoft\WindowsApps;;C:\Users\songliang\AppData\Local\Programs\Fiddler;%USERPROFILE%\AppData\Local\Microsoft\WindowsApps;.
2761 INFO  [2017-12-11 16:22:58]  Client environment:java.io.tmpdir=C:\Users\SONGLI~1\AppData\Local\Temp\
2761 INFO  [2017-12-11 16:22:58]  Client environment:java.compiler=<NA>
2761 INFO  [2017-12-11 16:22:58]  Client environment:os.name=Windows 8.1
2761 INFO  [2017-12-11 16:22:58]  Client environment:os.arch=amd64
2761 INFO  [2017-12-11 16:22:58]  Client environment:os.version=6.3
2761 INFO  [2017-12-11 16:22:58]  Client environment:user.name=songliang
2761 INFO  [2017-12-11 16:22:58]  Client environment:user.home=C:\Users\songliang
2761 INFO  [2017-12-11 16:22:58]  Client environment:user.dir=D:\code\work\quickcall-svn\v1.1.1\quickcall-new\quickcall-user
2762 INFO  [2017-12-11 16:22:58]  Initiating client connection, connectString=127.0.0.1:2181 sessionTimeout=60000 watcher=org.I0Itec.zkclient.ZkClient@4c0884e8
2765 DEBUG [2017-12-11 16:22:58]  zookeeper.disableAutoWatchReset is false
2775 DEBUG [2017-12-11 16:22:58]  Awaiting connection to Zookeeper server
2775 DEBUG [2017-12-11 16:22:58]  Waiting for keeper state SyncConnected
2781 INFO  [2017-12-11 16:22:58]  Opening socket connection to server 127.0.0.1/127.0.0.1:2181. Will not attempt to authenticate using SASL (unknown error)
2783 INFO  [2017-12-11 16:22:58]  Socket connection established to 127.0.0.1/127.0.0.1:2181, initiating session
2785 DEBUG [2017-12-11 16:22:58]  Session establishment request sent on 127.0.0.1/127.0.0.1:2181
2826 INFO  [2017-12-11 16:22:58]  Session establishment complete on server 127.0.0.1/127.0.0.1:2181, sessionid = 0x1603f7e4a530017, negotiated timeout = 40000
2828 DEBUG [2017-12-11 16:22:58]  Received event: WatchedEvent state:SyncConnected type:None path:null
2828 INFO  [2017-12-11 16:22:58]  zookeeper state changed (SyncConnected)
2828 DEBUG [2017-12-11 16:22:58]  Leaving process event
2828 DEBUG [2017-12-11 16:22:58]  State is SyncConnected
2829 INFO  [2017-12-11 16:22:58]   [DUBBO] Register: dubbo://192.168.89.199:21353/com.honglu.quickcall.user.facade.business.UserDubboBusiness?anyhost=true&application=calfLoan-user-client&dubbo=2.8.4&generic=false&group=userCenter&interface=com.honglu.quickcall.user.facade.business.UserDubboBusiness&methods=excute&organization=xiaoniu&owner=len.song&pid=16004&retries=0&revision=0.0.1&serialization=kryo&side=provider&timeout=60000&timestamp=1512980577659&version=0.0.1, dubbo version: 2.8.4, current host: 127.0.0.1
2853 DEBUG [2017-12-11 16:22:58]  Reading reply sessionid:0x1603f7e4a530017, packet:: clientPath:null serverPath:null finished:false header:: 1,1  replyHeader:: 1,13211,-110  request:: '/dubbo,,v{s{31,s{'world,'anyone}}},0  response::  
2886 DEBUG [2017-12-11 16:22:58]  Reading reply sessionid:0x1603f7e4a530017, packet:: clientPath:null serverPath:null finished:false header:: 2,1  replyHeader:: 2,13212,-110  request:: '/dubbo/com.honglu.quickcall.user.facade.business.UserDubboBusiness,,v{s{31,s{'world,'anyone}}},0  response::  
2962 DEBUG [2017-12-11 16:22:58]  Reading reply sessionid:0x1603f7e4a530017, packet:: clientPath:null serverPath:null finished:false header:: 3,1  replyHeader:: 3,13213,-110  request:: '/dubbo/com.honglu.quickcall.user.facade.business.UserDubboBusiness/providers,,v{s{31,s{'world,'anyone}}},0  response::  
2976 DEBUG [2017-12-11 16:22:58]  Reading reply sessionid:0x1603f7e4a530017, packet:: clientPath:null serverPath:null finished:false header:: 4,1  replyHeader:: 4,13214,0  request:: '/dubbo/com.honglu.quickcall.user.facade.business.UserDubboBusiness/providers/dubbo%253A%252F%252F192.168.89.199%253A21353%252Fcom.honglu.quickcall.user.facade.business.UserDubboBusiness%253Fanyhost%253Dtrue%2526application%253DcalfLoan-user-client%2526dubbo%253D2.8.4%2526generic%253Dfalse%2526group%253DuserCenter%2526interface%253Dcom.honglu.quickcall.user.facade.business.UserDubboBusiness%2526methods%253Dexcute%2526organization%253Dxiaoniu%2526owner%253Dlen.song%2526pid%253D16004%2526retries%253D0%2526revision%253D0.0.1%2526serialization%253Dkryo%2526side%253Dprovider%2526timeout%253D60000%2526timestamp%253D1512980577659%2526version%253D0.0.1,,v{s{31,s{'world,'anyone}}},1  response:: '/dubbo/com.honglu.quickcall.user.facade.business.UserDubboBusiness/providers/dubbo%253A%252F%252F192.168.89.199%253A21353%252Fcom.honglu.quickcall.user.facade.business.UserDubboBusiness%253Fanyhost%253Dtrue%2526application%253DcalfLoan-user-client%2526dubbo%253D2.8.4%2526generic%253Dfalse%2526group%253DuserCenter%2526interface%253Dcom.honglu.quickcall.user.facade.business.UserDubboBusiness%2526methods%253Dexcute%2526organization%253Dxiaoniu%2526owner%253Dlen.song%2526pid%253D16004%2526retries%253D0%2526revision%253D0.0.1%2526serialization%253Dkryo%2526side%253Dprovider%2526timeout%253D60000%2526timestamp%253D1512980577659%2526version%253D0.0.1 
2977 INFO  [2017-12-11 16:22:58]   [DUBBO] Subscribe: provider://192.168.89.199:21353/com.honglu.quickcall.user.facade.business.UserDubboBusiness?anyhost=true&application=calfLoan-user-client&category=configurators&check=false&dubbo=2.8.4&generic=false&group=userCenter&interface=com.honglu.quickcall.user.facade.business.UserDubboBusiness&methods=excute&organization=xiaoniu&owner=len.song&pid=16004&retries=0&revision=0.0.1&serialization=kryo&side=provider&timeout=60000&timestamp=1512980577659&version=0.0.1, dubbo version: 2.8.4, current host: 127.0.0.1
2994 DEBUG [2017-12-11 16:22:58]  Reading reply sessionid:0x1603f7e4a530017, packet:: clientPath:null serverPath:null finished:false header:: 5,1  replyHeader:: 5,13215,-110  request:: '/dubbo,,v{s{31,s{'world,'anyone}}},0  response::  
3010 DEBUG [2017-12-11 16:22:58]  Reading reply sessionid:0x1603f7e4a530017, packet:: clientPath:null serverPath:null finished:false header:: 6,1  replyHeader:: 6,13216,-110  request:: '/dubbo/com.honglu.quickcall.user.facade.business.UserDubboBusiness,,v{s{31,s{'world,'anyone}}},0  response::  
3028 DEBUG [2017-12-11 16:22:58]  Reading reply sessionid:0x1603f7e4a530017, packet:: clientPath:null serverPath:null finished:false header:: 7,1  replyHeader:: 7,13217,-110  request:: '/dubbo/com.honglu.quickcall.user.facade.business.UserDubboBusiness/configurators,,v{s{31,s{'world,'anyone}}},0  response::  
3033 DEBUG [2017-12-11 16:22:58]  Reading reply sessionid:0x1603f7e4a530017, packet:: clientPath:null serverPath:null finished:false header:: 8,3  replyHeader:: 8,13217,0  request:: '/dubbo/com.honglu.quickcall.user.facade.business.UserDubboBusiness/configurators,T  response:: s{12088,12088,1512660830368,1512660830368,0,0,0,0,0,0,12088} 
3036 DEBUG [2017-12-11 16:22:58]  Reading reply sessionid:0x1603f7e4a530017, packet:: clientPath:null serverPath:null finished:false header:: 9,8  replyHeader:: 9,13217,0  request:: '/dubbo/com.honglu.quickcall.user.facade.business.UserDubboBusiness/configurators,T  response:: v{} 
3036 INFO  [2017-12-11 16:22:58]   [DUBBO] Notify urls for subscribe url provider://192.168.89.199:21353/com.honglu.quickcall.user.facade.business.UserDubboBusiness?anyhost=true&application=calfLoan-user-client&category=configurators&check=false&dubbo=2.8.4&generic=false&group=userCenter&interface=com.honglu.quickcall.user.facade.business.UserDubboBusiness&methods=excute&organization=xiaoniu&owner=len.song&pid=16004&retries=0&revision=0.0.1&serialization=kryo&side=provider&timeout=60000&timestamp=1512980577659&version=0.0.1, urls: [empty://192.168.89.199:21353/com.honglu.quickcall.user.facade.business.UserDubboBusiness?anyhost=true&application=calfLoan-user-client&category=configurators&check=false&dubbo=2.8.4&generic=false&group=userCenter&interface=com.honglu.quickcall.user.facade.business.UserDubboBusiness&methods=excute&organization=xiaoniu&owner=len.song&pid=16004&retries=0&revision=0.0.1&serialization=kryo&side=provider&timeout=60000&timestamp=1512980577659&version=0.0.1], dubbo version: 2.8.4, current host: 127.0.0.1
3042 DEBUG [2017-12-11 16:22:58]   [DUBBO] package com.alibaba.dubbo.rpc.cluster;
import com.alibaba.dubbo.common.extension.ExtensionLoader;
public class RouterFactory$Adpative implements com.alibaba.dubbo.rpc.cluster.RouterFactory {
public com.alibaba.dubbo.rpc.cluster.Router getRouter(com.alibaba.dubbo.common.URL arg0) {
if (arg0 == null) throw new IllegalArgumentException("url == null");
com.alibaba.dubbo.common.URL url = arg0;
String extName = url.getProtocol();
if(extName == null) throw new IllegalStateException("Fail to get extension(com.alibaba.dubbo.rpc.cluster.RouterFactory) name from url(" + url.toString() + ") use keys([protocol])");
com.alibaba.dubbo.rpc.cluster.RouterFactory extension = (com.alibaba.dubbo.rpc.cluster.RouterFactory)ExtensionLoader.getExtensionLoader(com.alibaba.dubbo.rpc.cluster.RouterFactory.class).getExtension(extName);
return extension.getRouter(arg0);
}
}, dubbo version: 2.8.4, current host: 127.0.0.1
3050 DEBUG [2017-12-11 16:22:58]   [DUBBO] package com.alibaba.dubbo.rpc.cluster;
import com.alibaba.dubbo.common.extension.ExtensionLoader;
public class ConfiguratorFactory$Adpative implements com.alibaba.dubbo.rpc.cluster.ConfiguratorFactory {
public com.alibaba.dubbo.rpc.cluster.Configurator getConfigurator(com.alibaba.dubbo.common.URL arg0) {
if (arg0 == null) throw new IllegalArgumentException("url == null");
com.alibaba.dubbo.common.URL url = arg0;
String extName = url.getProtocol();
if(extName == null) throw new IllegalStateException("Fail to get extension(com.alibaba.dubbo.rpc.cluster.ConfiguratorFactory) name from url(" + url.toString() + ") use keys([protocol])");
com.alibaba.dubbo.rpc.cluster.ConfiguratorFactory extension = (com.alibaba.dubbo.rpc.cluster.ConfiguratorFactory)ExtensionLoader.getExtensionLoader(com.alibaba.dubbo.rpc.cluster.ConfiguratorFactory.class).getExtension(extName);
return extension.getConfigurator(arg0);
}
}, dubbo version: 2.8.4, current host: 127.0.0.1
3057 DEBUG [2017-12-11 16:22:58]  Could not find key 'spring.liveBeansView.mbeanDomain' in any property source
3058 DEBUG [2017-12-11 16:22:58]  Returning cached instance of singleton bean 'lifecycleProcessor'
3058 DEBUG [2017-12-11 16:22:58]  Returning cached instance of singleton bean 'sqlSessionFactory'
3058 DEBUG [2017-12-11 16:22:58]  Returning cached instance of singleton bean 'com.honglu.quickcall.user.facade.business.UserDubboBusiness'
3059 INFO  [2017-12-11 16:22:58]  ----------本地启动服务：结束加载----------
16369 DEBUG [2017-12-11 16:23:11]  Got ping response for sessionid: 0x1603f7e4a530017 after 0ms
29702 DEBUG [2017-12-11 16:23:25]  Got ping response for sessionid: 0x1603f7e4a530017 after 0ms
43036 DEBUG [2017-12-11 16:23:38]  Got ping response for sessionid: 0x1603f7e4a530017 after 0ms
56370 DEBUG [2017-12-11 16:23:51]  Got ping response for sessionid: 0x1603f7e4a530017 after 0ms
57373 DEBUG [2017-12-11 16:23:52]   [DUBBO] Decode decodeable message com.alibaba.dubbo.rpc.protocol.dubbo.DecodeableRpcInvocation, dubbo version: 2.8.4, current host: 127.0.0.1
57380 DEBUG [2017-12-11 16:23:52]  Creating a new SqlSession
57395 DEBUG [2017-12-11 16:23:52]  SqlSession [org.apache.ibatis.session.defaults.DefaultSqlSession@1a88cd90] was not registered for synchronization because synchronization is not active
57400 WARN  [2017-12-11 16:23:52]  设置方法[Persion.selectByKey] use [READ] Strategy, SqlCommandType [SELECT]..
57407 DEBUG [2017-12-11 16:23:52]  Fetching JDBC Connection from DataSource
58102 INFO  [2017-12-11 16:23:53]  {dataSource-1} inited
58105 DEBUG [2017-12-11 16:23:53]  JDBC Connection [com.mysql.jdbc.JDBC4Connection@1141eca5] will not be managed by Spring
58108 DEBUG [2017-12-11 16:23:53]  ==>  Preparing: SELECT P.ID, P.TEL, P.NICK_NAME, P.SEX, P.BIRTHDAY, P.SIGN, P.SUP_ABILITY, P.PHOTO_IDENT, P.VOICE_IDENT, P.VOICE_TIME_LENGTH, P.OTHERKEY, P.SMS_STATE, P.ALBUM, P.LOVE, P.`LEVEL`, (SELECT L.LEVEL_VALUE_END FROM `LEVEL` L WHERE L.`LEVEL` = P.`LEVEL`) AS LEVELSUM, P.TOKEN, P.CAPITALBALANCE, P.PLAY_IDENT, P.PHOTO, (SELECT IFNULL(SUM(B.CAPITAL),0) FROM BALANCE_OF_PAYMENTS B WHERE B.OTHER_ID = P.ID AND DATE_FORMAT(B.CREATE_DATE,'%Y%M') = DATE_FORMAT(NOW(),'%Y%M')) MONTHGET, P.SMS_MONEY, P.VOICE_MONEY, P.VOICE_STATE, P.VIDEO_MONEY, P.VIDEO, P.AREA, P.VIDEO_STATE, P.RONGYUNTOKEN, P.USE_STATE, P.VERSION, P.ONLINE_DATE, P.IS_VIP, (SELECT COUNT(CARE.ACCEPT_ID) FROM PASTE_RECORD CARE,PERSION F WHERE CARE.PERSION_ID = P.ID AND CARE.ACCEPT_ID = F.ID AND CARE.PERSION_ID NOT IN ( SELECT PPP.ACCEPT_ID FROM PASTE_RECORD PPP WHERE PPP.PERSION_ID = CARE.ACCEPT_ID)) AS CARESIZE, ( SELECT COUNT(FANS.PERSION_ID) FROM PASTE_RECORD FANS, PERSION F WHERE FANS.ACCEPT_ID = P.ID AND FANS.PERSION_ID = F.ID AND FANS.PERSION_ID NOT IN ( SELECT PPP.ACCEPT_ID FROM PASTE_RECORD PPP WHERE PPP.PERSION_ID = FANS.ACCEPT_ID ) ) AS FANSSIZE, (SELECT COUNT(FRIEND.ID) FROM PASTE_RECORD FRIEND WHERE FRIEND.PERSION_ID IN ( SELECT TEMPT.ACCEPT_ID FROM PASTE_RECORD TEMPT WHERE TEMPT.PERSION_ID = P.ID ) AND FRIEND.ACCEPT_ID = P.ID) AS FRIENDSIZE FROM PERSION P WHERE P.ID = ? 
58127 DEBUG [2017-12-11 16:23:53]  ==> Parameters: 1(Integer)
58153 DEBUG [2017-12-11 16:23:53]  <==      Total: 1
58153 DEBUG [2017-12-11 16:23:53]  Closing non transactional SqlSession [org.apache.ibatis.session.defaults.DefaultSqlSession@1a88cd90]
58153 DEBUG [2017-12-11 16:23:53]  Returning JDBC Connection to DataSource
58154 DEBUG [2017-12-11 16:23:53]  Creating a new SqlSession
58154 DEBUG [2017-12-11 16:23:53]  SqlSession [org.apache.ibatis.session.defaults.DefaultSqlSession@4975c5f8] was not registered for synchronization because synchronization is not active
58155 WARN  [2017-12-11 16:23:53]  设置方法[Video.selectVipVideoList] use [READ] Strategy, SqlCommandType [SELECT]..
58155 DEBUG [2017-12-11 16:23:53]  Fetching JDBC Connection from DataSource
58155 DEBUG [2017-12-11 16:23:53]  JDBC Connection [com.mysql.jdbc.JDBC4Connection@1141eca5] will not be managed by Spring
58155 DEBUG [2017-12-11 16:23:53]  ==>  Preparing: select V.id ID,V.pid PID,V.path PATH,V.create_date CREATE_DATE,VLP.liked LIKED,PR.id ISLIKE,P.nick_name PNICK,P.photo PPHOTO,COUNT(VL.vid) LIKECOUNT from video V LEFT JOIN video_lock VL ON V.id=VL.vid AND VL.liked=1 LEFT JOIN persion P ON V.pid=P.id LEFT JOIN video_lock VLP ON V.id=VLP.vid AND VLP.pid=? LEFT JOIN paste_record PR ON PR.persion_id=? AND PR.accept_id=V.pid where V.type=3 V.status in(1,3) GROUP BY id ORDER BY V.create_date DESC LIMIT ?,? 
58155 DEBUG [2017-12-11 16:23:53]  ==> Parameters: 1(Integer), 1(Integer), 0(Integer), 20(Integer)
58190 DEBUG [2017-12-11 16:23:53]  Closing non transactional SqlSession [org.apache.ibatis.session.defaults.DefaultSqlSession@4975c5f8]
58190 DEBUG [2017-12-11 16:23:53]  Returning JDBC Connection to DataSource
58196 DEBUG [2017-12-11 16:23:53]  Adding PropertySource 'systemProperties' with lowest search precedence
58196 DEBUG [2017-12-11 16:23:53]  Adding PropertySource 'systemEnvironment' with lowest search precedence
58196 DEBUG [2017-12-11 16:23:53]  Initialized StandardEnvironment with PropertySources [MapPropertySource@1268555697 {name='systemProperties', properties={java.runtime.name=Java(TM) SE Runtime Environment, sun.boot.library.path=D:\it_installed\java\jdk8\jre\bin, java.vm.version=25.31-b07, java.vm.vendor=Oracle Corporation, java.vendor.url=http://java.oracle.com/, path.separator=;, java.vm.name=Java HotSpot(TM) 64-Bit Server VM, file.encoding.pkg=sun.io, user.country=CN, user.script=, sun.java.launcher=SUN_STANDARD, sun.os.patch.level=, java.vm.specification.name=Java Virtual Machine Specification, user.dir=D:\code\work\quickcall-svn\v1.1.1\quickcall-new\quickcall-user, java.runtime.version=1.8.0_31-b13, java.awt.graphicsenv=sun.awt.Win32GraphicsEnvironment, java.endorsed.dirs=D:\it_installed\java\jdk8\jre\lib\endorsed, os.arch=amd64, java.io.tmpdir=C:\Users\SONGLI~1\AppData\Local\Temp\, line.separator=
, java.vm.specification.vendor=Oracle Corporation, user.variant=, os.name=Windows 8.1, sun.jnu.encoding=GBK, java.library.path=D:\it_installed\java\jdk8\bin;C:\WINDOWS\Sun\Java\bin;C:\WINDOWS\system32;C:\WINDOWS;C:\Program Files (x86)\Common Files\NetSarang;C:\ProgramData\Oracle\Java\javapath;C:\windows\system32;C:\windows;C:\windows\System32\Wbem;C:\windows\System32\WindowsPowerShell\v1.0\;C:\Program Files (x86)\NVIDIA Corporation\PhysX\Common;D:\it_installed\java\jdk8\bin;D:\it_installed\tortoiseSVN\bin;C:\WINDOWS\system32;C:\WINDOWS;C:\WINDOWS\System32\Wbem;C:\WINDOWS\System32\WindowsPowerShell\v1.0\;D:\it_installed\apache-maven-3.3.3\bin;D:\it_installed\Git\cmd;C:\Users\songliang\AppData\Local\Microsoft\WindowsApps;;C:\Users\songliang\AppData\Local\Programs\Fiddler;%USERPROFILE%\AppData\Local\Microsoft\WindowsApps;., java.specification.name=Java Platform API Specification, java.class.version=52.0, sun.management.compiler=HotSpot 64-Bit Tiered Compilers, os.version=6.3, user.home=C:\Users\songliang, user.timezone=Asia/Shanghai, java.awt.printerjob=sun.awt.windows.WPrinterJob, file.encoding=UTF-8, java.specification.version=1.8, java.class.path=D:\it_installed\java\jdk8\jre\lib\charsets.jar;D:\it_installed\java\jdk8\jre\lib\deploy.jar;D:\it_installed\java\jdk8\jre\lib\ext\access-bridge-64.jar;D:\it_installed\java\jdk8\jre\lib\ext\cldrdata.jar;D:\it_installed\java\jdk8\jre\lib\ext\dnsns.jar;D:\it_installed\java\jdk8\jre\lib\ext\jaccess.jar;D:\it_installed\java\jdk8\jre\lib\ext\jfxrt.jar;D:\it_installed\java\jdk8\jre\lib\ext\localedata.jar;D:\it_installed\java\jdk8\jre\lib\ext\nashorn.jar;D:\it_installed\java\jdk8\jre\lib\ext\sunec.jar;D:\it_installed\java\jdk8\jre\lib\ext\sunjce_provider.jar;D:\it_installed\java\jdk8\jre\lib\ext\sunmscapi.jar;D:\it_installed\java\jdk8\jre\lib\ext\sunpkcs11.jar;D:\it_installed\java\jdk8\jre\lib\ext\zipfs.jar;D:\it_installed\java\jdk8\jre\lib\javaws.jar;D:\it_installed\java\jdk8\jre\lib\jce.jar;D:\it_installed\java\jdk8\jre\lib\jfr.jar;D:\it_installed\java\jdk8\jre\lib\jfxswt.jar;D:\it_installed\java\jdk8\jre\lib\jsse.jar;D:\it_installed\java\jdk8\jre\lib\management-agent.jar;D:\it_installed\java\jdk8\jre\lib\plugin.jar;D:\it_installed\java\jdk8\jre\lib\resources.jar;D:\it_installed\java\jdk8\jre\lib\rt.jar;D:\code\work\quickcall-svn\v1.1.1\quickcall-new\quickcall-user\quickcall-user-service\target\classes;D:\jars\work\com\honglu\quickcall\quickcall-common-third\1.0.0-SNAPSHOT\quickcall-common-third-1.0.0-SNAPSHOT.jar;D:\jars\work\org\springframework\spring-tx\4.3.12.RELEASE\spring-tx-4.3.12.RELEASE.jar;D:\jars\work\commons-beanutils\commons-beanutils\1.9.3\commons-beanutils-1.9.3.jar;D:\jars\work\commons-collections\commons-collections\3.2.2\commons-collections-3.2.2.jar;D:\jars\work\com\fasterxml\jackson\core\jackson-databind\2.9.2\jackson-databind-2.9.2.jar;D:\jars\work\com\fasterxml\jackson\core\jackson-annotations\2.9.0\jackson-annotations-2.9.0.jar;D:\jars\work\com\fasterxml\jackson\core\jackson-core\2.9.2\jackson-core-2.9.2.jar;D:\code\work\quickcall-svn\v1.1.1\quickcall-new\quickcall-user\quickcall-user-facade\target\classes;D:\jars\work\com\honglu\quickcall\quickcall-common-core\1.0.0-SNAPSHOT\quickcall-common-core-1.0.0-SNAPSHOT.jar;D:\jars\work\com\honglu\quickcall\quickcall-common-api\1.0.0-SNAPSHOT\quickcall-common-api-1.0.0-SNAPSHOT.jar;D:\jars\work\org\springframework\spring-aop\4.3.12.RELEASE\spring-aop-4.3.12.RELEASE.jar;D:\jars\work\org\springframework\spring-aspects\4.3.12.RELEASE\spring-aspects-4.3.12.RELEASE.jar;D:\jars\work\org\springframework\spring-beans\4.3.12.RELEASE\spring-beans-4.3.12.RELEASE.jar;D:\jars\work\org\springframework\spring-context\4.3.12.RELEASE\spring-context-4.3.12.RELEASE.jar;D:\jars\work\org\springframework\spring-expression\4.3.12.RELEASE\spring-expression-4.3.12.RELEASE.jar;D:\jars\work\org\springframework\spring-context-support\4.3.12.RELEASE\spring-context-support-4.3.12.RELEASE.jar;D:\jars\work\org\springframework\spring-core\4.3.12.RELEASE\spring-core-4.3.12.RELEASE.jar;D:\jars\work\commons-logging\commons-logging\1.2\commons-logging-1.2.jar;D:\jars\work\org\springframework\spring-jdbc\4.3.12.RELEASE\spring-jdbc-4.3.12.RELEASE.jar;D:\jars\work\org\springframework\spring-web\4.3.12.RELEASE\spring-web-4.3.12.RELEASE.jar;D:\jars\work\org\springframework\spring-webmvc\4.3.12.RELEASE\spring-webmvc-4.3.12.RELEASE.jar;D:\jars\work\org\aspectj\aspectjweaver\1.6.8\aspectjweaver-1.6.8.jar;D:\jars\work\org\apache\poi\poi\3.9\poi-3.9.jar;D:\jars\work\org\codehaus\plexus\plexus-utils\3.0.22\plexus-utils-3.0.22.jar;D:\jars\work\org\mybatis\mybatis\3.4.1\mybatis-3.4.1.jar;D:\jars\work\org\mybatis\mybatis-spring\1.3.0\mybatis-spring-1.3.0.jar;D:\jars\work\org\eclipse\persistence\javax.persistence\2.1.1\javax.persistence-2.1.1.jar;D:\jars\work\org\slf4j\slf4j-api\1.7.25\slf4j-api-1.7.25.jar;D:\jars\work\org\slf4j\slf4j-log4j12\1.7.25\slf4j-log4j12-1.7.25.jar;D:\jars\work\log4j\log4j\1.2.17\log4j-1.2.17.jar;D:\jars\work\org\lazyluke\log4jdbc-remix\0.2.7\log4jdbc-remix-0.2.7.jar;D:\jars\work\org\dom4j\dom4j\2.1.0\dom4j-2.1.0.jar;D:\jars\work\jaxen\jaxen\1.1.6\jaxen-1.1.6.jar;D:\jars\work\org\apache\httpcomponents\httpclient\4.5.2\httpclient-4.5.2.jar;D:\jars\work\org\apache\httpcomponents\httpcore\4.4.4\httpcore-4.4.4.jar;D:\jars\work\org\json\json\20160810\json-20160810.jar;D:\jars\work\commons-codec\commons-codec\1.10\commons-codec-1.10.jar;D:\jars\work\org\apache\commons\commons-collections4\4.1\commons-collections4-4.1.jar;D:\jars\work\commons-fileupload\commons-fileupload\1.3.1\commons-fileupload-1.3.1.jar;D:\jars\work\commons-io\commons-io\2.2\commons-io-2.2.jar;D:\jars\work\org\apache\commons\commons-lang3\3.3.2\commons-lang3-3.3.2.jar;D:\jars\work\com\alibaba\fastjson\1.2.31\fastjson-1.2.31.jar;D:\jars\work\com\alibaba\druid\1.1.5\druid-1.1.5.jar;D:\jars\work\com\alibaba\dubbo\2.8.4\dubbo-2.8.4.jar;D:\jars\work\org\apache\zookeeper\zookeeper\3.4.8\zookeeper-3.4.8.jar;D:\jars\work\com\github\sgroschupf\zkclient\0.1\zkclient-0.1.jar;D:\jars\work\org\objenesis\objenesis\2.1\objenesis-2.1.jar;D:\jars\work\com\esotericsoftware\minlog\minlog\1.3.0\minlog-1.3.0.jar;D:\jars\work\com\esotericsoftware\reflectasm\1.10.1\reflectasm-1.10.1.jar;D:\jars\work\org\ow2\asm\asm\5.0.3\asm-5.0.3.jar;D:\jars\work\javassist\javassist\3.12.0.GA\javassist-3.12.0.GA.jar;D:\jars\work\org\jboss\netty\netty\3.2.10.Final\netty-3.2.10.Final.jar;D:\jars\work\com\esotericsoftware\kryo\3.0.3\kryo-3.0.3.jar;D:\jars\work\de\javakaffee\kryo-serializers\0.37\kryo-serializers-0.37.jar;D:\jars\work\cglib\cglib\2.2.2\cglib-2.2.2.jar;D:\jars\work\asm\asm\3.3.1\asm-3.3.1.jar;D:\jars\work\aopalliance\aopalliance\1.0\aopalliance-1.0.jar;D:\jars\work\mysql\mysql-connector-java\5.1.38\mysql-connector-java-5.1.38.jar;D:\jars\work\jdom\jdom\1.0\jdom-1.0.jar;D:\jars\work\com\google\code\gson\gson\2.2.4\gson-2.2.4.jar;D:\jars\work\net\sf\json-lib\json-lib\2.4\json-lib-2.4.jar;D:\jars\work\net\sourceforge\jexcelapi\jxl\2.6.12\jxl-2.6.12.jar;D:\jars\work\it\sauronsoftware\cron4j\cron4j\2.2.5\cron4j-2.2.5.jar;D:\jars\work\it\sauronsoftware\jave\jave\1.0.2\jave-1.0.2.jar;D:\jars\work\cn\jpush\api\jpush-client\3.2.10\jpush-client-3.2.10.jar;D:\jars\work\com\tuputech\api\tupuApi\1.0.0\tupuApi-1.0.0.jar;D:\jars\work\com\qiniu\util\qiniu-java-sdk\7.2.8\qiniu-java-sdk-7.2.8.jar;D:\jars\work\com\alipay\api\alipay-sdk-java\20170209153223\alipay-sdk-java-20170209153223.jar;D:\jars\work\jp\sourceforge\qrcode\QRCode\1.0.0\QRCode-1.0.0.jar;D:\jars\work\cn\jiguang\commom\jiguang-common\0.1.4\jiguang-common-0.1.4.jar;D:\jars\work\com\qq\connect\qqSdk4J\1.0.0\qqSdk4J-1.0.0.jar;D:\jars\work\org\springframework\amqp\spring-amqp\1.4.3.RELEASE\spring-amqp-1.4.3.RELEASE.jar;D:\jars\work\org\springframework\amqp\spring-rabbit\1.4.3.RELEASE\spring-rabbit-1.4.3.RELEASE.jar;D:\jars\work\org\springframework\spring-messaging\4.1.3.RELEASE\spring-messaging-4.1.3.RELEASE.jar;D:\jars\work\org\springframework\retry\spring-retry\1.1.2.RELEASE\spring-retry-1.1.2.RELEASE.jar;D:\jars\work\com\rabbitmq\amqp-client\3.5.6\amqp-client-3.5.6.jar;D:\jars\work\redis\clients\jedis\2.2.0\jedis-2.2.0.jar;D:\jars\work\commons-pool\commons-pool\1.6\commons-pool-1.6.jar;D:\it_installed\idea_left\IntelliJ IDEA 2017.2.5\lib\idea_rt.jar, user.name=songliang, java.vm.specification.version=1.8, sun.java.command=com.honglu.quickcall.user.service.manager.UserManageBizServer, java.home=D:\it_installed\java\jdk8\jre, sun.arch.data.model=64, user.language=zh, java.specification.vendor=Oracle Corporation, awt.toolkit=sun.awt.windows.WToolkit, java.vm.info=mixed mode, java.version=1.8.0_31, java.ext.dirs=D:\it_installed\java\jdk8\jre\lib\ext;C:\WINDOWS\Sun\Java\lib\ext, sun.boot.class.path=D:\it_installed\java\jdk8\jre\lib\resources.jar;D:\it_installed\java\jdk8\jre\lib\rt.jar;D:\it_installed\java\jdk8\jre\lib\sunrsasign.jar;D:\it_installed\java\jdk8\jre\lib\jsse.jar;D:\it_installed\java\jdk8\jre\lib\jce.jar;D:\it_installed\java\jdk8\jre\lib\charsets.jar;D:\it_installed\java\jdk8\jre\lib\jfr.jar;D:\it_installed\java\jdk8\jre\classes, java.vendor=Oracle Corporation, file.separator=\, java.vendor.url.bug=http://bugreport.sun.com/bugreport/, sun.io.unicode.encoding=UnicodeLittle, sun.cpu.endian=little, sun.desktop=windows, sun.cpu.isalist=amd64}}, SystemEnvironmentPropertySource@516459988 {name='systemEnvironment', properties={USERDOMAIN_ROAMINGPROFILE=XIAONIU, LOCALAPPDATA=C:\Users\songliang\AppData\Local, PROCESSOR_LEVEL=6, USERDOMAIN=XIAONIU, FPS_BROWSER_APP_PROFILE_STRING=Internet Explorer, LOGONSERVER=\\AD2, JAVA_HOME=D:\it_installed\java\jdk8, SESSIONNAME=Console, ALLUSERSPROFILE=C:\ProgramData, PROCESSOR_ARCHITECTURE=AMD64, PSModulePath=C:\WINDOWS\system32\WindowsPowerShell\v1.0\Modules\, SystemDrive=C:, ERLANG_HOME=D:\it_installed\erl9.1, MAVEN_HOME=D:\it_installed\apache-maven-3.3.3, OneDrive=C:\Users\songliang\OneDrive, APPDATA=C:\Users\songliang\AppData\Roaming, USERNAME=songliang, USERDNSDOMAIN=XIAONIU.COM, ProgramFiles(x86)=C:\Program Files (x86), CommonProgramFiles=C:\Program Files\Common Files, Path=C:\Program Files (x86)\Common Files\NetSarang;C:\ProgramData\Oracle\Java\javapath;C:\windows\system32;C:\windows;C:\windows\System32\Wbem;C:\windows\System32\WindowsPowerShell\v1.0\;C:\Program Files (x86)\NVIDIA Corporation\PhysX\Common;D:\it_installed\java\jdk8\bin;D:\it_installed\tortoiseSVN\bin;C:\WINDOWS\system32;C:\WINDOWS;C:\WINDOWS\System32\Wbem;C:\WINDOWS\System32\WindowsPowerShell\v1.0\;D:\it_installed\apache-maven-3.3.3\bin;D:\it_installed\Git\cmd;C:\Users\songliang\AppData\Local\Microsoft\WindowsApps;;C:\Users\songliang\AppData\Local\Programs\Fiddler;%USERPROFILE%\AppData\Local\Microsoft\WindowsApps, FPS_BROWSER_USER_PROFILE_STRING=Default, PATHEXT=.COM;.EXE;.BAT;.CMD;.VBS;.VBE;.JS;.JSE;.WSF;.WSH;.MSC, OS=Windows_NT, COMPUTERNAME=SONGLIANG, PROCESSOR_REVISION=9e09, CLASSPATH=.;D:\it_installed\java\jdk8\lib\dt.jar;D:\it_installed\java\jdk8\lib\tools.jar;, CommonProgramW6432=C:\Program Files\Common Files, ComSpec=C:\WINDOWS\system32\cmd.exe, ProgramData=C:\ProgramData, ProgramW6432=C:\Program Files, HOMEPATH=\Users\songliang, SystemRoot=C:\WINDOWS, TEMP=C:\Users\SONGLI~1\AppData\Local\Temp, HOMEDRIVE=C:, PROCESSOR_IDENTIFIER=Intel64 Family 6 Model 158 Stepping 9, GenuineIntel, USERPROFILE=C:\Users\songliang, TMP=C:\Users\SONGLI~1\AppData\Local\Temp, CommonProgramFiles(x86)=C:\Program Files (x86)\Common Files, ProgramFiles=C:\Program Files, PUBLIC=C:\Users\Public, NUMBER_OF_PROCESSORS=4, windir=C:\WINDOWS, =::=::\}}]
58199 INFO  [2017-12-11 16:23:53]  Loading XML bean definitions from class path resource [org/springframework/jdbc/support/sql-error-codes.xml]
58200 DEBUG [2017-12-11 16:23:53]  Using JAXP provider [com.sun.org.apache.xerces.internal.jaxp.DocumentBuilderFactoryImpl]
58201 DEBUG [2017-12-11 16:23:53]  Found beans DTD [http://www.springframework.org/dtd/spring-beans-2.0.dtd] in classpath: spring-beans-2.0.dtd
58204 DEBUG [2017-12-11 16:23:53]  Loading bean definitions
58207 DEBUG [2017-12-11 16:23:53]  Creating shared instance of singleton bean 'DB2'
58207 DEBUG [2017-12-11 16:23:53]  Creating instance of bean 'DB2'
58207 DEBUG [2017-12-11 16:23:53]  Eagerly caching bean 'DB2' to allow for resolving potential circular references
58210 DEBUG [2017-12-11 16:23:53]  Finished creating instance of bean 'DB2'
58210 DEBUG [2017-12-11 16:23:53]  Creating shared instance of singleton bean 'Derby'
58210 DEBUG [2017-12-11 16:23:53]  Creating instance of bean 'Derby'
58212 DEBUG [2017-12-11 16:23:53]  Eagerly caching bean 'Derby' to allow for resolving potential circular references
58213 DEBUG [2017-12-11 16:23:53]  Finished creating instance of bean 'Derby'
58213 DEBUG [2017-12-11 16:23:53]  Creating shared instance of singleton bean 'H2'
58213 DEBUG [2017-12-11 16:23:53]  Creating instance of bean 'H2'
58213 DEBUG [2017-12-11 16:23:53]  Eagerly caching bean 'H2' to allow for resolving potential circular references
58213 DEBUG [2017-12-11 16:23:53]  Finished creating instance of bean 'H2'
58213 DEBUG [2017-12-11 16:23:53]  Creating shared instance of singleton bean 'HSQL'
58213 DEBUG [2017-12-11 16:23:53]  Creating instance of bean 'HSQL'
58213 DEBUG [2017-12-11 16:23:53]  Eagerly caching bean 'HSQL' to allow for resolving potential circular references
58213 DEBUG [2017-12-11 16:23:53]  Finished creating instance of bean 'HSQL'
58213 DEBUG [2017-12-11 16:23:53]  Creating shared instance of singleton bean 'Informix'
58213 DEBUG [2017-12-11 16:23:53]  Creating instance of bean 'Informix'
58213 DEBUG [2017-12-11 16:23:53]  Eagerly caching bean 'Informix' to allow for resolving potential circular references
58214 DEBUG [2017-12-11 16:23:53]  Finished creating instance of bean 'Informix'
58214 DEBUG [2017-12-11 16:23:53]  Creating shared instance of singleton bean 'MS-SQL'
58214 DEBUG [2017-12-11 16:23:53]  Creating instance of bean 'MS-SQL'
58214 DEBUG [2017-12-11 16:23:53]  Eagerly caching bean 'MS-SQL' to allow for resolving potential circular references
58214 DEBUG [2017-12-11 16:23:53]  Finished creating instance of bean 'MS-SQL'
58214 DEBUG [2017-12-11 16:23:53]  Creating shared instance of singleton bean 'MySQL'
58214 DEBUG [2017-12-11 16:23:53]  Creating instance of bean 'MySQL'
58214 DEBUG [2017-12-11 16:23:53]  Eagerly caching bean 'MySQL' to allow for resolving potential circular references
58214 DEBUG [2017-12-11 16:23:53]  Finished creating instance of bean 'MySQL'
58214 DEBUG [2017-12-11 16:23:53]  Creating shared instance of singleton bean 'Oracle'
58214 DEBUG [2017-12-11 16:23:53]  Creating instance of bean 'Oracle'
58214 DEBUG [2017-12-11 16:23:53]  Eagerly caching bean 'Oracle' to allow for resolving potential circular references
58215 DEBUG [2017-12-11 16:23:53]  Finished creating instance of bean 'Oracle'
58215 DEBUG [2017-12-11 16:23:53]  Creating shared instance of singleton bean 'PostgreSQL'
58215 DEBUG [2017-12-11 16:23:53]  Creating instance of bean 'PostgreSQL'
58215 DEBUG [2017-12-11 16:23:53]  Eagerly caching bean 'PostgreSQL' to allow for resolving potential circular references
58215 DEBUG [2017-12-11 16:23:53]  Finished creating instance of bean 'PostgreSQL'
58215 DEBUG [2017-12-11 16:23:53]  Creating shared instance of singleton bean 'Sybase'
58215 DEBUG [2017-12-11 16:23:53]  Creating instance of bean 'Sybase'
58215 DEBUG [2017-12-11 16:23:53]  Eagerly caching bean 'Sybase' to allow for resolving potential circular references
58216 DEBUG [2017-12-11 16:23:53]  Finished creating instance of bean 'Sybase'
58216 DEBUG [2017-12-11 16:23:53]  Creating shared instance of singleton bean 'Hana'
58216 DEBUG [2017-12-11 16:23:53]  Creating instance of bean 'Hana'
58216 DEBUG [2017-12-11 16:23:53]  Eagerly caching bean 'Hana' to allow for resolving potential circular references
58216 DEBUG [2017-12-11 16:23:53]  Finished creating instance of bean 'Hana'
58216 INFO  [2017-12-11 16:23:53]  SQLErrorCodes loaded: [DB2, Derby, H2, HSQL, Informix, MS-SQL, MySQL, Oracle, PostgreSQL, Sybase, Hana]
58216 DEBUG [2017-12-11 16:23:53]  Looking up default SQLErrorCodes for DataSource [com.honglu.quickcall.common.core.datasourcerw.DynamicDataSource@75001911]
58218 DEBUG [2017-12-11 16:23:53]  Fetching JDBC Connection from DataSource
58218 DEBUG [2017-12-11 16:23:53]  Returning JDBC Connection to DataSource
58219 DEBUG [2017-12-11 16:23:53]  SQL error codes for 'MySQL' found
58219 DEBUG [2017-12-11 16:23:53]  Caching SQL error codes for DataSource [com.honglu.quickcall.common.core.datasourcerw.DynamicDataSource@75001911]: database product name is 'MySQL'
58219 DEBUG [2017-12-11 16:23:53]  Translating SQLException with SQL state '42000', error code '1064', message [You have an error in your SQL syntax; check the manual that corresponds to your MySQL server version for the right syntax to use near 'V.status in(1,3) GROUP BY id ORDER BY V.create_date DESC
  	LIMIT 0,20' at line 7]; SQL was [] for task [
### Error querying database.  Cause: com.mysql.jdbc.exceptions.jdbc4.MySQLSyntaxErrorException: You have an error in your SQL syntax; check the manual that corresponds to your MySQL server version for the right syntax to use near 'V.status in(1,3) GROUP BY id ORDER BY V.create_date DESC
  	LIMIT 0,20' at line 7
### The error may exist in file [D:\code\work\quickcall-svn\v1.1.1\quickcall-new\quickcall-user\quickcall-user-service\target\classes\mybatis\mapper\VideoMapper.xml]
### The error may involve Video.selectVipVideoList-Inline
### The error occurred while setting parameters
### SQL: select V.id ID,V.pid PID,V.path PATH,V.create_date CREATE_DATE,VLP.liked LIKED,PR.id ISLIKE,P.nick_name PNICK,P.photo PPHOTO,COUNT(VL.vid) LIKECOUNT     from video V     LEFT JOIN video_lock VL ON V.id=VL.vid AND VL.liked=1     LEFT JOIN persion P ON V.pid=P.id   LEFT JOIN video_lock VLP ON V.id=VLP.vid AND VLP.pid=?  LEFT JOIN paste_record PR ON PR.persion_id=? AND PR.accept_id=V.pid    where V.type=3 V.status in(1,3) GROUP BY id ORDER BY V.create_date DESC    LIMIT ?,?
### Cause: com.mysql.jdbc.exceptions.jdbc4.MySQLSyntaxErrorException: You have an error in your SQL syntax; check the manual that corresponds to your MySQL server version for the right syntax to use near 'V.status in(1,3) GROUP BY id ORDER BY V.create_date DESC
  	LIMIT 0,20' at line 7
]
58219 ERROR [2017-12-11 16:23:53]  首页排行榜列表接口
### Error querying database.  Cause: com.mysql.jdbc.exceptions.jdbc4.MySQLSyntaxErrorException: You have an error in your SQL syntax; check the manual that corresponds to your MySQL server version for the right syntax to use near 'V.status in(1,3) GROUP BY id ORDER BY V.create_date DESC
  	LIMIT 0,20' at line 7
### The error may exist in file [D:\code\work\quickcall-svn\v1.1.1\quickcall-new\quickcall-user\quickcall-user-service\target\classes\mybatis\mapper\VideoMapper.xml]
### The error may involve Video.selectVipVideoList-Inline
### The error occurred while setting parameters
### SQL: select V.id ID,V.pid PID,V.path PATH,V.create_date CREATE_DATE,VLP.liked LIKED,PR.id ISLIKE,P.nick_name PNICK,P.photo PPHOTO,COUNT(VL.vid) LIKECOUNT     from video V     LEFT JOIN video_lock VL ON V.id=VL.vid AND VL.liked=1     LEFT JOIN persion P ON V.pid=P.id   LEFT JOIN video_lock VLP ON V.id=VLP.vid AND VLP.pid=?  LEFT JOIN paste_record PR ON PR.persion_id=? AND PR.accept_id=V.pid    where V.type=3 V.status in(1,3) GROUP BY id ORDER BY V.create_date DESC    LIMIT ?,?
### Cause: com.mysql.jdbc.exceptions.jdbc4.MySQLSyntaxErrorException: You have an error in your SQL syntax; check the manual that corresponds to your MySQL server version for the right syntax to use near 'V.status in(1,3) GROUP BY id ORDER BY V.create_date DESC
  	LIMIT 0,20' at line 7
; bad SQL grammar []; nested exception is com.mysql.jdbc.exceptions.jdbc4.MySQLSyntaxErrorException: You have an error in your SQL syntax; check the manual that corresponds to your MySQL server version for the right syntax to use near 'V.status in(1,3) GROUP BY id ORDER BY V.create_date DESC
  	LIMIT 0,20' at line 7
org.springframework.jdbc.BadSqlGrammarException: 
### Error querying database.  Cause: com.mysql.jdbc.exceptions.jdbc4.MySQLSyntaxErrorException: You have an error in your SQL syntax; check the manual that corresponds to your MySQL server version for the right syntax to use near 'V.status in(1,3) GROUP BY id ORDER BY V.create_date DESC
  	LIMIT 0,20' at line 7
### The error may exist in file [D:\code\work\quickcall-svn\v1.1.1\quickcall-new\quickcall-user\quickcall-user-service\target\classes\mybatis\mapper\VideoMapper.xml]
### The error may involve Video.selectVipVideoList-Inline
### The error occurred while setting parameters
### SQL: select V.id ID,V.pid PID,V.path PATH,V.create_date CREATE_DATE,VLP.liked LIKED,PR.id ISLIKE,P.nick_name PNICK,P.photo PPHOTO,COUNT(VL.vid) LIKECOUNT     from video V     LEFT JOIN video_lock VL ON V.id=VL.vid AND VL.liked=1     LEFT JOIN persion P ON V.pid=P.id   LEFT JOIN video_lock VLP ON V.id=VLP.vid AND VLP.pid=?  LEFT JOIN paste_record PR ON PR.persion_id=? AND PR.accept_id=V.pid    where V.type=3 V.status in(1,3) GROUP BY id ORDER BY V.create_date DESC    LIMIT ?,?
### Cause: com.mysql.jdbc.exceptions.jdbc4.MySQLSyntaxErrorException: You have an error in your SQL syntax; check the manual that corresponds to your MySQL server version for the right syntax to use near 'V.status in(1,3) GROUP BY id ORDER BY V.create_date DESC
  	LIMIT 0,20' at line 7
; bad SQL grammar []; nested exception is com.mysql.jdbc.exceptions.jdbc4.MySQLSyntaxErrorException: You have an error in your SQL syntax; check the manual that corresponds to your MySQL server version for the right syntax to use near 'V.status in(1,3) GROUP BY id ORDER BY V.create_date DESC
  	LIMIT 0,20' at line 7
	at org.springframework.jdbc.support.SQLErrorCodeSQLExceptionTranslator.doTranslate(SQLErrorCodeSQLExceptionTranslator.java:231)
	at org.springframework.jdbc.support.AbstractFallbackSQLExceptionTranslator.translate(AbstractFallbackSQLExceptionTranslator.java:73)
	at org.mybatis.spring.MyBatisExceptionTranslator.translateExceptionIfPossible(MyBatisExceptionTranslator.java:75)
	at org.mybatis.spring.SqlSessionTemplate$SqlSessionInterceptor.invoke(SqlSessionTemplate.java:447)
	at com.sun.proxy.$Proxy16.selectList(Unknown Source)
	at org.mybatis.spring.SqlSessionTemplate.selectList(SqlSessionTemplate.java:231)
	at com.honglu.quickcall.user.service.dao.VideoMapper.selectVipVideoList(VideoMapper.java:71)
	at com.honglu.quickcall.user.service.service.impl.UserVideoServiceImpl.getUserVipVideoList(UserVideoServiceImpl.java:61)
	at com.honglu.quickcall.user.service.business.UserDubboBusinessImpl.excute(UserDubboBusinessImpl.java:77)
	at com.alibaba.dubbo.common.bytecode.Wrapper1.invokeMethod(Wrapper1.java)
	at com.alibaba.dubbo.rpc.proxy.javassist.JavassistProxyFactory$1.doInvoke(JavassistProxyFactory.java:46)
	at com.alibaba.dubbo.rpc.proxy.AbstractProxyInvoker.invoke(AbstractProxyInvoker.java:72)
	at com.alibaba.dubbo.rpc.protocol.InvokerWrapper.invoke(InvokerWrapper.java:53)
	at com.alibaba.dubbo.rpc.filter.ExceptionFilter.invoke(ExceptionFilter.java:64)
	at com.alibaba.dubbo.rpc.protocol.ProtocolFilterWrapper$1.invoke(ProtocolFilterWrapper.java:91)
	at com.alibaba.dubbo.monitor.support.MonitorFilter.invoke(MonitorFilter.java:75)
	at com.alibaba.dubbo.rpc.protocol.ProtocolFilterWrapper$1.invoke(ProtocolFilterWrapper.java:91)
	at com.alibaba.dubbo.rpc.filter.TimeoutFilter.invoke(TimeoutFilter.java:42)
	at com.alibaba.dubbo.rpc.protocol.ProtocolFilterWrapper$1.invoke(ProtocolFilterWrapper.java:91)
	at com.alibaba.dubbo.rpc.protocol.dubbo.filter.TraceFilter.invoke(TraceFilter.java:78)
	at com.alibaba.dubbo.rpc.protocol.ProtocolFilterWrapper$1.invoke(ProtocolFilterWrapper.java:91)
	at com.alibaba.dubbo.rpc.filter.ContextFilter.invoke(ContextFilter.java:70)
	at com.alibaba.dubbo.rpc.protocol.ProtocolFilterWrapper$1.invoke(ProtocolFilterWrapper.java:91)
	at com.alibaba.dubbo.rpc.filter.GenericFilter.invoke(GenericFilter.java:132)
	at com.alibaba.dubbo.rpc.protocol.ProtocolFilterWrapper$1.invoke(ProtocolFilterWrapper.java:91)
	at com.alibaba.dubbo.rpc.filter.ClassLoaderFilter.invoke(ClassLoaderFilter.java:38)
	at com.alibaba.dubbo.rpc.protocol.ProtocolFilterWrapper$1.invoke(ProtocolFilterWrapper.java:91)
	at com.alibaba.dubbo.rpc.filter.EchoFilter.invoke(EchoFilter.java:38)
	at com.alibaba.dubbo.rpc.protocol.ProtocolFilterWrapper$1.invoke(ProtocolFilterWrapper.java:91)
	at com.alibaba.dubbo.rpc.protocol.dubbo.DubboProtocol$1.reply(DubboProtocol.java:113)
	at com.alibaba.dubbo.remoting.exchange.support.header.HeaderExchangeHandler.handleRequest(HeaderExchangeHandler.java:84)
	at com.alibaba.dubbo.remoting.exchange.support.header.HeaderExchangeHandler.received(HeaderExchangeHandler.java:170)
	at com.alibaba.dubbo.remoting.transport.DecodeHandler.received(DecodeHandler.java:52)
	at com.alibaba.dubbo.remoting.transport.dispatcher.ChannelEventRunnable.run(ChannelEventRunnable.java:82)
	at java.util.concurrent.ThreadPoolExecutor.runWorker(ThreadPoolExecutor.java:1142)
	at java.util.concurrent.ThreadPoolExecutor$Worker.run(ThreadPoolExecutor.java:617)
	at java.lang.Thread.run(Thread.java:745)
Caused by: com.mysql.jdbc.exceptions.jdbc4.MySQLSyntaxErrorException: You have an error in your SQL syntax; check the manual that corresponds to your MySQL server version for the right syntax to use near 'V.status in(1,3) GROUP BY id ORDER BY V.create_date DESC
  	LIMIT 0,20' at line 7
	at sun.reflect.NativeConstructorAccessorImpl.newInstance0(Native Method)
	at sun.reflect.NativeConstructorAccessorImpl.newInstance(NativeConstructorAccessorImpl.java:62)
	at sun.reflect.DelegatingConstructorAccessorImpl.newInstance(DelegatingConstructorAccessorImpl.java:45)
	at java.lang.reflect.Constructor.newInstance(Constructor.java:408)
	at com.mysql.jdbc.Util.handleNewInstance(Util.java:404)
	at com.mysql.jdbc.Util.getInstance(Util.java:387)
	at com.mysql.jdbc.SQLError.createSQLException(SQLError.java:939)
	at com.mysql.jdbc.MysqlIO.checkErrorPacket(MysqlIO.java:3878)
	at com.mysql.jdbc.MysqlIO.checkErrorPacket(MysqlIO.java:3814)
	at com.mysql.jdbc.MysqlIO.sendCommand(MysqlIO.java:2478)
	at com.mysql.jdbc.MysqlIO.sqlQueryDirect(MysqlIO.java:2625)
	at com.mysql.jdbc.ConnectionImpl.execSQL(ConnectionImpl.java:2551)
	at com.mysql.jdbc.PreparedStatement.executeInternal(PreparedStatement.java:1861)
	at com.mysql.jdbc.PreparedStatement.execute(PreparedStatement.java:1192)
	at com.alibaba.druid.pool.DruidPooledPreparedStatement.execute(DruidPooledPreparedStatement.java:494)
	at sun.reflect.NativeMethodAccessorImpl.invoke0(Native Method)
	at sun.reflect.NativeMethodAccessorImpl.invoke(NativeMethodAccessorImpl.java:62)
	at sun.reflect.DelegatingMethodAccessorImpl.invoke(DelegatingMethodAccessorImpl.java:43)
	at java.lang.reflect.Method.invoke(Method.java:483)
	at org.apache.ibatis.logging.jdbc.PreparedStatementLogger.invoke(PreparedStatementLogger.java:59)
	at com.sun.proxy.$Proxy34.execute(Unknown Source)
	at org.apache.ibatis.executor.statement.PreparedStatementHandler.query(PreparedStatementHandler.java:63)
	at org.apache.ibatis.executor.statement.RoutingStatementHandler.query(RoutingStatementHandler.java:79)
	at org.apache.ibatis.executor.SimpleExecutor.doQuery(SimpleExecutor.java:63)
	at org.apache.ibatis.executor.BaseExecutor.queryFromDatabase(BaseExecutor.java:324)
	at org.apache.ibatis.executor.BaseExecutor.query(BaseExecutor.java:156)
	at org.apache.ibatis.executor.CachingExecutor.query(CachingExecutor.java:109)
	at org.apache.ibatis.executor.CachingExecutor.query(CachingExecutor.java:83)
	at sun.reflect.NativeMethodAccessorImpl.invoke0(Native Method)
	at sun.reflect.NativeMethodAccessorImpl.invoke(NativeMethodAccessorImpl.java:62)
	at sun.reflect.DelegatingMethodAccessorImpl.invoke(DelegatingMethodAccessorImpl.java:43)
	at java.lang.reflect.Method.invoke(Method.java:483)
	at org.apache.ibatis.plugin.Invocation.proceed(Invocation.java:49)
	at com.honglu.quickcall.common.core.datasourcerw.DynamicPlugin.intercept(DynamicPlugin.java:74)
	at org.apache.ibatis.plugin.Plugin.invoke(Plugin.java:61)
	at com.sun.proxy.$Proxy31.query(Unknown Source)
	at org.apache.ibatis.session.defaults.DefaultSqlSession.selectList(DefaultSqlSession.java:148)
	at org.apache.ibatis.session.defaults.DefaultSqlSession.selectList(DefaultSqlSession.java:141)
	at sun.reflect.NativeMethodAccessorImpl.invoke0(Native Method)
	at sun.reflect.NativeMethodAccessorImpl.invoke(NativeMethodAccessorImpl.java:62)
	at sun.reflect.DelegatingMethodAccessorImpl.invoke(DelegatingMethodAccessorImpl.java:43)
	at java.lang.reflect.Method.invoke(Method.java:483)
	at org.mybatis.spring.SqlSessionTemplate$SqlSessionInterceptor.invoke(SqlSessionTemplate.java:434)
	... 33 more
58231 INFO  [2017-12-11 16:23:53]  返回结果com.honglu.quickcall.common.api.exchange.CommonResponse@6078780c[code=user#Unknown,message=
### Error querying database.  Cause: com.mysql.jdbc.exceptions.jdbc4.MySQLSyntaxErrorException: You have an error in your SQL syntax; check the manual that corresponds to your MySQL server version for the right syntax to use near 'V.status in(1,3) GROUP BY id ORDER BY V.create_date DESC
  	LIMIT 0,20' at line 7
### The error may exist in file [D:\code\work\quickcall-svn\v1.1.1\quickcall-new\quickcall-user\quickcall-user-service\target\classes\mybatis\mapper\VideoMapper.xml]
### The error may involve Video.selectVipVideoList-Inline
### The error occurred while setting parameters
### SQL: select V.id ID,V.pid PID,V.path PATH,V.create_date CREATE_DATE,VLP.liked LIKED,PR.id ISLIKE,P.nick_name PNICK,P.photo PPHOTO,COUNT(VL.vid) LIKECOUNT     from video V     LEFT JOIN video_lock VL ON V.id=VL.vid AND VL.liked=1     LEFT JOIN persion P ON V.pid=P.id   LEFT JOIN video_lock VLP ON V.id=VLP.vid AND VLP.pid=?  LEFT JOIN paste_record PR ON PR.persion_id=? AND PR.accept_id=V.pid    where V.type=3 V.status in(1,3) GROUP BY id ORDER BY V.create_date DESC    LIMIT ?,?
### Cause: com.mysql.jdbc.exceptions.jdbc4.MySQLSyntaxErrorException: You have an error in your SQL syntax; check the manual that corresponds to your MySQL server version for the right syntax to use near 'V.status in(1,3) GROUP BY id ORDER BY V.create_date DESC
  	LIMIT 0,20' at line 7
; bad SQL grammar []; nested exception is com.mysql.jdbc.exceptions.jdbc4.MySQLSyntaxErrorException: You have an error in your SQL syntax; check the manual that corresponds to your MySQL server version for the right syntax to use near 'V.status in(1,3) GROUP BY id ORDER BY V.create_date DESC
  	LIMIT 0,20' at line 7,object=<null>,data=<null>,extFields={}]
63060 INFO  [2017-12-11 16:23:58]  ============================= CommunityCenter is alive ! =======================================
69704 DEBUG [2017-12-11 16:24:05]  Got ping response for sessionid: 0x1603f7e4a530017 after 0ms
83039 DEBUG [2017-12-11 16:24:18]  Got ping response for sessionid: 0x1603f7e4a530017 after 1ms
96375 DEBUG [2017-12-11 16:24:31]  Got ping response for sessionid: 0x1603f7e4a530017 after 3ms
109706 DEBUG [2017-12-11 16:24:45]  Got ping response for sessionid: 0x1603f7e4a530017 after 0ms
122711 DEBUG [2017-12-11 16:24:58]   [DUBBO] Receive heartbeat response in thread New I/O server worker #1-1, dubbo version: 2.8.4, current host: 127.0.0.1
122711 DEBUG [2017-12-11 16:24:58]   [DUBBO] Send heartbeat to remote channel /192.168.89.199:10911, cause: The channel has no data-transmission exceeds a heartbeat period: 60000ms, dubbo version: 2.8.4, current host: 127.0.0.1
123039 DEBUG [2017-12-11 16:24:58]  Got ping response for sessionid: 0x1603f7e4a530017 after 0ms
123060 INFO  [2017-12-11 16:24:58]  ============================= CommunityCenter is alive ! =======================================
136372 DEBUG [2017-12-11 16:25:11]  Got ping response for sessionid: 0x1603f7e4a530017 after 0ms
149706 DEBUG [2017-12-11 16:25:25]  Got ping response for sessionid: 0x1603f7e4a530017 after 0ms
163039 DEBUG [2017-12-11 16:25:38]  Got ping response for sessionid: 0x1603f7e4a530017 after 0ms
176373 DEBUG [2017-12-11 16:25:51]  Got ping response for sessionid: 0x1603f7e4a530017 after 0ms
182714 DEBUG [2017-12-11 16:25:58]   [DUBBO] Send heartbeat to remote channel /192.168.89.199:10911, cause: The channel has no data-transmission exceeds a heartbeat period: 60000ms, dubbo version: 2.8.4, current host: 127.0.0.1
182716 DEBUG [2017-12-11 16:25:58]   [DUBBO] Receive heartbeat response in thread New I/O server worker #1-1, dubbo version: 2.8.4, current host: 127.0.0.1
183060 INFO  [2017-12-11 16:25:58]  ============================= CommunityCenter is alive ! =======================================
189707 DEBUG [2017-12-11 16:26:05]  Got ping response for sessionid: 0x1603f7e4a530017 after 0ms
203041 DEBUG [2017-12-11 16:26:18]  Got ping response for sessionid: 0x1603f7e4a530017 after 0ms
216374 DEBUG [2017-12-11 16:26:31]  Got ping response for sessionid: 0x1603f7e4a530017 after 0ms
229708 DEBUG [2017-12-11 16:26:45]  Got ping response for sessionid: 0x1603f7e4a530017 after 0ms
242717 DEBUG [2017-12-11 16:26:58]   [DUBBO] Send heartbeat to remote channel /192.168.89.199:10911, cause: The channel has no data-transmission exceeds a heartbeat period: 60000ms, dubbo version: 2.8.4, current host: 127.0.0.1
242719 DEBUG [2017-12-11 16:26:58]   [DUBBO] Receive heartbeat response in thread New I/O server worker #1-1, dubbo version: 2.8.4, current host: 127.0.0.1
243041 DEBUG [2017-12-11 16:26:58]  Got ping response for sessionid: 0x1603f7e4a530017 after 0ms
243061 INFO  [2017-12-11 16:26:58]  ============================= CommunityCenter is alive ! =======================================
256375 DEBUG [2017-12-11 16:27:11]  Got ping response for sessionid: 0x1603f7e4a530017 after 0ms
269709 DEBUG [2017-12-11 16:27:25]  Got ping response for sessionid: 0x1603f7e4a530017 after 0ms
283042 DEBUG [2017-12-11 16:27:38]  Got ping response for sessionid: 0x1603f7e4a530017 after 0ms
296376 DEBUG [2017-12-11 16:27:51]  Got ping response for sessionid: 0x1603f7e4a530017 after 0ms
302720 DEBUG [2017-12-11 16:27:58]   [DUBBO] Send heartbeat to remote channel /192.168.89.199:10911, cause: The channel has no data-transmission exceeds a heartbeat period: 60000ms, dubbo version: 2.8.4, current host: 127.0.0.1
302723 DEBUG [2017-12-11 16:27:58]   [DUBBO] Receive heartbeat response in thread New I/O server worker #1-1, dubbo version: 2.8.4, current host: 127.0.0.1
303061 INFO  [2017-12-11 16:27:58]  ============================= CommunityCenter is alive ! =======================================
309710 DEBUG [2017-12-11 16:28:05]  Got ping response for sessionid: 0x1603f7e4a530017 after 0ms
323044 DEBUG [2017-12-11 16:28:18]  Got ping response for sessionid: 0x1603f7e4a530017 after 0ms
336378 DEBUG [2017-12-11 16:28:31]  Got ping response for sessionid: 0x1603f7e4a530017 after 0ms
349711 DEBUG [2017-12-11 16:28:45]  Got ping response for sessionid: 0x1603f7e4a530017 after 0ms
362723 DEBUG [2017-12-11 16:28:58]   [DUBBO] Send heartbeat to remote channel /192.168.89.199:10911, cause: The channel has no data-transmission exceeds a heartbeat period: 60000ms, dubbo version: 2.8.4, current host: 127.0.0.1
362726 DEBUG [2017-12-11 16:28:58]   [DUBBO] Receive heartbeat response in thread New I/O server worker #1-1, dubbo version: 2.8.4, current host: 127.0.0.1
363045 DEBUG [2017-12-11 16:28:58]  Got ping response for sessionid: 0x1603f7e4a530017 after 0ms
363062 INFO  [2017-12-11 16:28:58]  ============================= CommunityCenter is alive ! =======================================
376379 DEBUG [2017-12-11 16:29:11]  Got ping response for sessionid: 0x1603f7e4a530017 after 0ms
389712 DEBUG [2017-12-11 16:29:25]  Got ping response for sessionid: 0x1603f7e4a530017 after 0ms
403045 DEBUG [2017-12-11 16:29:38]  Got ping response for sessionid: 0x1603f7e4a530017 after 0ms
416379 DEBUG [2017-12-11 16:29:51]  Got ping response for sessionid: 0x1603f7e4a530017 after 0ms
422728 DEBUG [2017-12-11 16:29:58]   [DUBBO] Send heartbeat to remote channel /192.168.89.199:10911, cause: The channel has no data-transmission exceeds a heartbeat period: 60000ms, dubbo version: 2.8.4, current host: 127.0.0.1
422730 DEBUG [2017-12-11 16:29:58]   [DUBBO] Receive heartbeat response in thread New I/O server worker #1-1, dubbo version: 2.8.4, current host: 127.0.0.1
423062 INFO  [2017-12-11 16:29:58]  ============================= CommunityCenter is alive ! =======================================
429713 DEBUG [2017-12-11 16:30:05]  Got ping response for sessionid: 0x1603f7e4a530017 after 0ms
443047 DEBUG [2017-12-11 16:30:18]  Got ping response for sessionid: 0x1603f7e4a530017 after 0ms
456381 DEBUG [2017-12-11 16:30:31]  Got ping response for sessionid: 0x1603f7e4a530017 after 1ms
469714 DEBUG [2017-12-11 16:30:45]  Got ping response for sessionid: 0x1603f7e4a530017 after 0ms
482732 DEBUG [2017-12-11 16:30:58]   [DUBBO] Send heartbeat to remote channel /192.168.89.199:10911, cause: The channel has no data-transmission exceeds a heartbeat period: 60000ms, dubbo version: 2.8.4, current host: 127.0.0.1
482735 DEBUG [2017-12-11 16:30:58]   [DUBBO] Receive heartbeat response in thread New I/O server worker #1-1, dubbo version: 2.8.4, current host: 127.0.0.1
483048 DEBUG [2017-12-11 16:30:58]  Got ping response for sessionid: 0x1603f7e4a530017 after 0ms
483093 INFO  [2017-12-11 16:30:58]  ============================= CommunityCenter is alive ! =======================================
496382 DEBUG [2017-12-11 16:31:11]  Got ping response for sessionid: 0x1603f7e4a530017 after 0ms
509715 DEBUG [2017-12-11 16:31:25]  Got ping response for sessionid: 0x1603f7e4a530017 after 0ms
523049 DEBUG [2017-12-11 16:31:38]  Got ping response for sessionid: 0x1603f7e4a530017 after 0ms
536382 DEBUG [2017-12-11 16:31:51]  Got ping response for sessionid: 0x1603f7e4a530017 after 0ms
542736 DEBUG [2017-12-11 16:31:58]   [DUBBO] Send heartbeat to remote channel /192.168.89.199:10911, cause: The channel has no data-transmission exceeds a heartbeat period: 60000ms, dubbo version: 2.8.4, current host: 127.0.0.1
542738 DEBUG [2017-12-11 16:31:58]   [DUBBO] Receive heartbeat response in thread New I/O server worker #1-1, dubbo version: 2.8.4, current host: 127.0.0.1
543097 INFO  [2017-12-11 16:31:58]  ============================= CommunityCenter is alive ! =======================================
549715 DEBUG [2017-12-11 16:32:05]  Got ping response for sessionid: 0x1603f7e4a530017 after 0ms
563049 DEBUG [2017-12-11 16:32:18]  Got ping response for sessionid: 0x1603f7e4a530017 after 0ms
576383 DEBUG [2017-12-11 16:32:31]  Got ping response for sessionid: 0x1603f7e4a530017 after 0ms
589716 DEBUG [2017-12-11 16:32:45]  Got ping response for sessionid: 0x1603f7e4a530017 after 0ms
602740 DEBUG [2017-12-11 16:32:58]   [DUBBO] Send heartbeat to remote channel /192.168.89.199:10911, cause: The channel has no data-transmission exceeds a heartbeat period: 60000ms, dubbo version: 2.8.4, current host: 127.0.0.1
602743 DEBUG [2017-12-11 16:32:58]   [DUBBO] Receive heartbeat response in thread New I/O server worker #1-1, dubbo version: 2.8.4, current host: 127.0.0.1
603050 DEBUG [2017-12-11 16:32:58]  Got ping response for sessionid: 0x1603f7e4a530017 after 0ms
603097 INFO  [2017-12-11 16:32:58]  ============================= CommunityCenter is alive ! =======================================
616383 DEBUG [2017-12-11 16:33:11]  Got ping response for sessionid: 0x1603f7e4a530017 after 0ms
629716 DEBUG [2017-12-11 16:33:25]  Got ping response for sessionid: 0x1603f7e4a530017 after 0ms
643050 DEBUG [2017-12-11 16:33:38]  Got ping response for sessionid: 0x1603f7e4a530017 after 0ms
656384 DEBUG [2017-12-11 16:33:51]  Got ping response for sessionid: 0x1603f7e4a530017 after 0ms
662743 DEBUG [2017-12-11 16:33:58]   [DUBBO] Send heartbeat to remote channel /192.168.89.199:10911, cause: The channel has no data-transmission exceeds a heartbeat period: 60000ms, dubbo version: 2.8.4, current host: 127.0.0.1
662745 DEBUG [2017-12-11 16:33:58]   [DUBBO] Receive heartbeat response in thread New I/O server worker #1-1, dubbo version: 2.8.4, current host: 127.0.0.1
663098 INFO  [2017-12-11 16:33:58]  ============================= CommunityCenter is alive ! =======================================
669717 DEBUG [2017-12-11 16:34:05]  Got ping response for sessionid: 0x1603f7e4a530017 after 0ms
683050 DEBUG [2017-12-11 16:34:18]  Got ping response for sessionid: 0x1603f7e4a530017 after 0ms
696384 DEBUG [2017-12-11 16:34:31]  Got ping response for sessionid: 0x1603f7e4a530017 after 0ms
709717 DEBUG [2017-12-11 16:34:45]  Got ping response for sessionid: 0x1603f7e4a530017 after 0ms
722747 DEBUG [2017-12-11 16:34:58]   [DUBBO] Send heartbeat to remote channel /192.168.89.199:10911, cause: The channel has no data-transmission exceeds a heartbeat period: 60000ms, dubbo version: 2.8.4, current host: 127.0.0.1
722750 DEBUG [2017-12-11 16:34:58]   [DUBBO] Receive heartbeat response in thread New I/O server worker #1-1, dubbo version: 2.8.4, current host: 127.0.0.1
723051 DEBUG [2017-12-11 16:34:58]  Got ping response for sessionid: 0x1603f7e4a530017 after 0ms
723098 INFO  [2017-12-11 16:34:58]  ============================= CommunityCenter is alive ! =======================================
736385 DEBUG [2017-12-11 16:35:11]  Got ping response for sessionid: 0x1603f7e4a530017 after 0ms
749718 DEBUG [2017-12-11 16:35:25]  Got ping response for sessionid: 0x1603f7e4a530017 after 0ms
763052 DEBUG [2017-12-11 16:35:38]  Got ping response for sessionid: 0x1603f7e4a530017 after 0ms
776386 DEBUG [2017-12-11 16:35:51]  Got ping response for sessionid: 0x1603f7e4a530017 after 0ms
782750 DEBUG [2017-12-11 16:35:58]   [DUBBO] Send heartbeat to remote channel /192.168.89.199:10911, cause: The channel has no data-transmission exceeds a heartbeat period: 60000ms, dubbo version: 2.8.4, current host: 127.0.0.1
782752 DEBUG [2017-12-11 16:35:58]   [DUBBO] Receive heartbeat response in thread New I/O server worker #1-1, dubbo version: 2.8.4, current host: 127.0.0.1
783098 INFO  [2017-12-11 16:35:58]  ============================= CommunityCenter is alive ! =======================================
789719 DEBUG [2017-12-11 16:36:05]  Got ping response for sessionid: 0x1603f7e4a530017 after 0ms
803052 DEBUG [2017-12-11 16:36:18]  Got ping response for sessionid: 0x1603f7e4a530017 after 0ms
816385 DEBUG [2017-12-11 16:36:31]  Got ping response for sessionid: 0x1603f7e4a530017 after 0ms
829718 DEBUG [2017-12-11 16:36:45]  Got ping response for sessionid: 0x1603f7e4a530017 after 0ms
842754 DEBUG [2017-12-11 16:36:58]   [DUBBO] Send heartbeat to remote channel /192.168.89.199:10911, cause: The channel has no data-transmission exceeds a heartbeat period: 60000ms, dubbo version: 2.8.4, current host: 127.0.0.1
842756 DEBUG [2017-12-11 16:36:58]   [DUBBO] Receive heartbeat response in thread New I/O server worker #1-1, dubbo version: 2.8.4, current host: 127.0.0.1
843052 DEBUG [2017-12-11 16:36:58]  Got ping response for sessionid: 0x1603f7e4a530017 after 0ms
843099 INFO  [2017-12-11 16:36:58]  ============================= CommunityCenter is alive ! =======================================
856386 DEBUG [2017-12-11 16:37:11]  Got ping response for sessionid: 0x1603f7e4a530017 after 0ms
869720 DEBUG [2017-12-11 16:37:25]  Got ping response for sessionid: 0x1603f7e4a530017 after 0ms
883053 DEBUG [2017-12-11 16:37:38]  Got ping response for sessionid: 0x1603f7e4a530017 after 0ms
896387 DEBUG [2017-12-11 16:37:51]  Got ping response for sessionid: 0x1603f7e4a530017 after 0ms
903099 INFO  [2017-12-11 16:37:58]  ============================= CommunityCenter is alive ! =======================================
909720 DEBUG [2017-12-11 16:38:05]  Got ping response for sessionid: 0x1603f7e4a530017 after 0ms
918839 DEBUG [2017-12-11 16:38:14]   [DUBBO] Received heartbeat from remote channel /192.168.89.199:10911, cause: The channel has no data-transmission exceeds a heartbeat period: 60000ms, dubbo version: 2.8.4, current host: 127.0.0.1
923054 DEBUG [2017-12-11 16:38:18]  Got ping response for sessionid: 0x1603f7e4a530017 after 0ms
936387 DEBUG [2017-12-11 16:38:31]  Got ping response for sessionid: 0x1603f7e4a530017 after 0ms
949721 DEBUG [2017-12-11 16:38:45]  Got ping response for sessionid: 0x1603f7e4a530017 after 0ms
963054 DEBUG [2017-12-11 16:38:58]  Got ping response for sessionid: 0x1603f7e4a530017 after 0ms
963099 INFO  [2017-12-11 16:38:58]  ============================= CommunityCenter is alive ! =======================================
976388 DEBUG [2017-12-11 16:39:11]  Got ping response for sessionid: 0x1603f7e4a530017 after 0ms
978843 DEBUG [2017-12-11 16:39:14]   [DUBBO] Received heartbeat from remote channel /192.168.89.199:10911, cause: The channel has no data-transmission exceeds a heartbeat period: 60000ms, dubbo version: 2.8.4, current host: 127.0.0.1
989721 DEBUG [2017-12-11 16:39:25]  Got ping response for sessionid: 0x1603f7e4a530017 after 0ms
1003055 DEBUG [2017-12-11 16:39:38]  Got ping response for sessionid: 0x1603f7e4a530017 after 0ms
1016388 DEBUG [2017-12-11 16:39:51]  Got ping response for sessionid: 0x1603f7e4a530017 after 0ms
1023100 INFO  [2017-12-11 16:39:58]  ============================= CommunityCenter is alive ! =======================================
1029722 DEBUG [2017-12-11 16:40:05]  Got ping response for sessionid: 0x1603f7e4a530017 after 0ms
1038844 DEBUG [2017-12-11 16:40:14]   [DUBBO] Received heartbeat from remote channel /192.168.89.199:10911, cause: The channel has no data-transmission exceeds a heartbeat period: 60000ms, dubbo version: 2.8.4, current host: 127.0.0.1
1043055 DEBUG [2017-12-11 16:40:18]  Got ping response for sessionid: 0x1603f7e4a530017 after 0ms
1056389 DEBUG [2017-12-11 16:40:31]  Got ping response for sessionid: 0x1603f7e4a530017 after 0ms
1069722 DEBUG [2017-12-11 16:40:45]  Got ping response for sessionid: 0x1603f7e4a530017 after 0ms
1083056 DEBUG [2017-12-11 16:40:58]  Got ping response for sessionid: 0x1603f7e4a530017 after 0ms
1083101 INFO  [2017-12-11 16:40:58]  ============================= CommunityCenter is alive ! =======================================
1096390 DEBUG [2017-12-11 16:41:11]  Got ping response for sessionid: 0x1603f7e4a530017 after 0ms
1098847 DEBUG [2017-12-11 16:41:14]   [DUBBO] Received heartbeat from remote channel /192.168.89.199:10911, cause: The channel has no data-transmission exceeds a heartbeat period: 60000ms, dubbo version: 2.8.4, current host: 127.0.0.1
1109724 DEBUG [2017-12-11 16:41:25]  Got ping response for sessionid: 0x1603f7e4a530017 after 1ms
1123057 DEBUG [2017-12-11 16:41:38]  Got ping response for sessionid: 0x1603f7e4a530017 after 0ms
1136390 DEBUG [2017-12-11 16:41:51]  Got ping response for sessionid: 0x1603f7e4a530017 after 0ms
1143102 INFO  [2017-12-11 16:41:58]  ============================= CommunityCenter is alive ! =======================================
1149724 DEBUG [2017-12-11 16:42:05]  Got ping response for sessionid: 0x1603f7e4a530017 after 0ms
1158849 DEBUG [2017-12-11 16:42:14]   [DUBBO] Received heartbeat from remote channel /192.168.89.199:10911, cause: The channel has no data-transmission exceeds a heartbeat period: 60000ms, dubbo version: 2.8.4, current host: 127.0.0.1
1163057 DEBUG [2017-12-11 16:42:18]  Got ping response for sessionid: 0x1603f7e4a530017 after 0ms
1176391 DEBUG [2017-12-11 16:42:31]  Got ping response for sessionid: 0x1603f7e4a530017 after 0ms
1189724 DEBUG [2017-12-11 16:42:45]  Got ping response for sessionid: 0x1603f7e4a530017 after 0ms
1203058 DEBUG [2017-12-11 16:42:58]  Got ping response for sessionid: 0x1603f7e4a530017 after 0ms
1203102 INFO  [2017-12-11 16:42:58]  ============================= CommunityCenter is alive ! =======================================
1216392 DEBUG [2017-12-11 16:43:11]  Got ping response for sessionid: 0x1603f7e4a530017 after 0ms
1218853 DEBUG [2017-12-11 16:43:14]   [DUBBO] Received heartbeat from remote channel /192.168.89.199:10911, cause: The channel has no data-transmission exceeds a heartbeat period: 60000ms, dubbo version: 2.8.4, current host: 127.0.0.1
1229725 DEBUG [2017-12-11 16:43:25]  Got ping response for sessionid: 0x1603f7e4a530017 after 0ms
1243059 DEBUG [2017-12-11 16:43:38]  Got ping response for sessionid: 0x1603f7e4a530017 after 0ms
1256392 DEBUG [2017-12-11 16:43:51]  Got ping response for sessionid: 0x1603f7e4a530017 after 0ms
1263103 INFO  [2017-12-11 16:43:58]  ============================= CommunityCenter is alive ! =======================================
1269726 DEBUG [2017-12-11 16:44:05]  Got ping response for sessionid: 0x1603f7e4a530017 after 0ms
1278856 DEBUG [2017-12-11 16:44:14]   [DUBBO] Received heartbeat from remote channel /192.168.89.199:10911, cause: The channel has no data-transmission exceeds a heartbeat period: 60000ms, dubbo version: 2.8.4, current host: 127.0.0.1
1283059 DEBUG [2017-12-11 16:44:18]  Got ping response for sessionid: 0x1603f7e4a530017 after 0ms
1296394 DEBUG [2017-12-11 16:44:31]  Got ping response for sessionid: 0x1603f7e4a530017 after 1ms
1309726 DEBUG [2017-12-11 16:44:45]  Got ping response for sessionid: 0x1603f7e4a530017 after 0ms
1323060 DEBUG [2017-12-11 16:44:58]  Got ping response for sessionid: 0x1603f7e4a530017 after 0ms
1323103 INFO  [2017-12-11 16:44:58]  ============================= CommunityCenter is alive ! =======================================
1336394 DEBUG [2017-12-11 16:45:11]  Got ping response for sessionid: 0x1603f7e4a530017 after 0ms
1338859 DEBUG [2017-12-11 16:45:14]   [DUBBO] Received heartbeat from remote channel /192.168.89.199:10911, cause: The channel has no data-transmission exceeds a heartbeat period: 60000ms, dubbo version: 2.8.4, current host: 127.0.0.1
1349728 DEBUG [2017-12-11 16:45:25]  Got ping response for sessionid: 0x1603f7e4a530017 after 0ms
1363061 DEBUG [2017-12-11 16:45:38]  Got ping response for sessionid: 0x1603f7e4a530017 after 0ms
1376394 DEBUG [2017-12-11 16:45:51]  Got ping response for sessionid: 0x1603f7e4a530017 after 0ms
1383104 INFO  [2017-12-11 16:45:58]  ============================= CommunityCenter is alive ! =======================================
1389728 DEBUG [2017-12-11 16:46:05]  Got ping response for sessionid: 0x1603f7e4a530017 after 0ms
1398863 DEBUG [2017-12-11 16:46:14]   [DUBBO] Received heartbeat from remote channel /192.168.89.199:10911, cause: The channel has no data-transmission exceeds a heartbeat period: 60000ms, dubbo version: 2.8.4, current host: 127.0.0.1
1403061 DEBUG [2017-12-11 16:46:18]  Got ping response for sessionid: 0x1603f7e4a530017 after 0ms
1416395 DEBUG [2017-12-11 16:46:31]  Got ping response for sessionid: 0x1603f7e4a530017 after 0ms
1429728 DEBUG [2017-12-11 16:46:45]  Got ping response for sessionid: 0x1603f7e4a530017 after 0ms
1443061 DEBUG [2017-12-11 16:46:58]  Got ping response for sessionid: 0x1603f7e4a530017 after 0ms
1443104 INFO  [2017-12-11 16:46:58]  ============================= CommunityCenter is alive ! =======================================
1456395 DEBUG [2017-12-11 16:47:11]  Got ping response for sessionid: 0x1603f7e4a530017 after 0ms
1458868 DEBUG [2017-12-11 16:47:14]   [DUBBO] Received heartbeat from remote channel /192.168.89.199:10911, cause: The channel has no data-transmission exceeds a heartbeat period: 60000ms, dubbo version: 2.8.4, current host: 127.0.0.1
1469728 DEBUG [2017-12-11 16:47:25]  Got ping response for sessionid: 0x1603f7e4a530017 after 0ms
1483061 DEBUG [2017-12-11 16:47:38]  Got ping response for sessionid: 0x1603f7e4a530017 after 0ms
1496395 DEBUG [2017-12-11 16:47:51]  Got ping response for sessionid: 0x1603f7e4a530017 after 0ms
1503143 INFO  [2017-12-11 16:47:58]  ============================= CommunityCenter is alive ! =======================================
1509732 DEBUG [2017-12-11 16:48:05]  Got ping response for sessionid: 0x1603f7e4a530017 after 4ms
1518872 DEBUG [2017-12-11 16:48:14]   [DUBBO] Received heartbeat from remote channel /192.168.89.199:10911, cause: The channel has no data-transmission exceeds a heartbeat period: 60000ms, dubbo version: 2.8.4, current host: 127.0.0.1
1523062 DEBUG [2017-12-11 16:48:18]  Got ping response for sessionid: 0x1603f7e4a530017 after 0ms
1536396 DEBUG [2017-12-11 16:48:31]  Got ping response for sessionid: 0x1603f7e4a530017 after 0ms
1549729 DEBUG [2017-12-11 16:48:45]  Got ping response for sessionid: 0x1603f7e4a530017 after 0ms
1563063 DEBUG [2017-12-11 16:48:58]  Got ping response for sessionid: 0x1603f7e4a530017 after 0ms
1563143 INFO  [2017-12-11 16:48:58]  ============================= CommunityCenter is alive ! =======================================
1576397 DEBUG [2017-12-11 16:49:11]  Got ping response for sessionid: 0x1603f7e4a530017 after 0ms
1578875 DEBUG [2017-12-11 16:49:14]   [DUBBO] Received heartbeat from remote channel /192.168.89.199:10911, cause: The channel has no data-transmission exceeds a heartbeat period: 60000ms, dubbo version: 2.8.4, current host: 127.0.0.1
1589730 DEBUG [2017-12-11 16:49:25]  Got ping response for sessionid: 0x1603f7e4a530017 after 0ms
1603064 DEBUG [2017-12-11 16:49:38]  Got ping response for sessionid: 0x1603f7e4a530017 after 1ms
1616397 DEBUG [2017-12-11 16:49:51]  Got ping response for sessionid: 0x1603f7e4a530017 after 0ms
1623144 INFO  [2017-12-11 16:49:58]  ============================= CommunityCenter is alive ! =======================================
1629731 DEBUG [2017-12-11 16:50:05]  Got ping response for sessionid: 0x1603f7e4a530017 after 0ms
1638878 DEBUG [2017-12-11 16:50:14]   [DUBBO] Received heartbeat from remote channel /192.168.89.199:10911, cause: The channel has no data-transmission exceeds a heartbeat period: 60000ms, dubbo version: 2.8.4, current host: 127.0.0.1
1643064 DEBUG [2017-12-11 16:50:18]  Got ping response for sessionid: 0x1603f7e4a530017 after 0ms
1656398 DEBUG [2017-12-11 16:50:31]  Got ping response for sessionid: 0x1603f7e4a530017 after 0ms
1669731 DEBUG [2017-12-11 16:50:45]  Got ping response for sessionid: 0x1603f7e4a530017 after 0ms
1683064 DEBUG [2017-12-11 16:50:58]  Got ping response for sessionid: 0x1603f7e4a530017 after 0ms
1683145 INFO  [2017-12-11 16:50:58]  ============================= CommunityCenter is alive ! =======================================
1696397 DEBUG [2017-12-11 16:51:11]  Got ping response for sessionid: 0x1603f7e4a530017 after 0ms
1698881 DEBUG [2017-12-11 16:51:14]   [DUBBO] Received heartbeat from remote channel /192.168.89.199:10911, cause: The channel has no data-transmission exceeds a heartbeat period: 60000ms, dubbo version: 2.8.4, current host: 127.0.0.1
1709731 DEBUG [2017-12-11 16:51:25]  Got ping response for sessionid: 0x1603f7e4a530017 after 0ms
1723065 DEBUG [2017-12-11 16:51:38]  Got ping response for sessionid: 0x1603f7e4a530017 after 0ms
1736398 DEBUG [2017-12-11 16:51:51]  Got ping response for sessionid: 0x1603f7e4a530017 after 0ms
1743146 INFO  [2017-12-11 16:51:58]  ============================= CommunityCenter is alive ! =======================================
1749731 DEBUG [2017-12-11 16:52:05]  Got ping response for sessionid: 0x1603f7e4a530017 after 0ms
1758886 DEBUG [2017-12-11 16:52:14]   [DUBBO] Received heartbeat from remote channel /192.168.89.199:10911, cause: The channel has no data-transmission exceeds a heartbeat period: 60000ms, dubbo version: 2.8.4, current host: 127.0.0.1
1763064 DEBUG [2017-12-11 16:52:18]  Got ping response for sessionid: 0x1603f7e4a530017 after 0ms
1776398 DEBUG [2017-12-11 16:52:31]  Got ping response for sessionid: 0x1603f7e4a530017 after 0ms
1789732 DEBUG [2017-12-11 16:52:45]  Got ping response for sessionid: 0x1603f7e4a530017 after 0ms
1803065 DEBUG [2017-12-11 16:52:58]  Got ping response for sessionid: 0x1603f7e4a530017 after 0ms
1803147 INFO  [2017-12-11 16:52:58]  ============================= CommunityCenter is alive ! =======================================
1816399 DEBUG [2017-12-11 16:53:11]  Got ping response for sessionid: 0x1603f7e4a530017 after 0ms
1818889 DEBUG [2017-12-11 16:53:14]   [DUBBO] Received heartbeat from remote channel /192.168.89.199:10911, cause: The channel has no data-transmission exceeds a heartbeat period: 60000ms, dubbo version: 2.8.4, current host: 127.0.0.1
1829732 DEBUG [2017-12-11 16:53:25]  Got ping response for sessionid: 0x1603f7e4a530017 after 0ms
1843066 DEBUG [2017-12-11 16:53:38]  Got ping response for sessionid: 0x1603f7e4a530017 after 0ms
1856400 DEBUG [2017-12-11 16:53:51]  Got ping response for sessionid: 0x1603f7e4a530017 after 0ms
1863147 INFO  [2017-12-11 16:53:58]  ============================= CommunityCenter is alive ! =======================================
1869734 DEBUG [2017-12-11 16:54:05]  Got ping response for sessionid: 0x1603f7e4a530017 after 0ms
1878893 DEBUG [2017-12-11 16:54:14]   [DUBBO] Received heartbeat from remote channel /192.168.89.199:10911, cause: The channel has no data-transmission exceeds a heartbeat period: 60000ms, dubbo version: 2.8.4, current host: 127.0.0.1
1883067 DEBUG [2017-12-11 16:54:18]  Got ping response for sessionid: 0x1603f7e4a530017 after 0ms
1896400 DEBUG [2017-12-11 16:54:31]  Got ping response for sessionid: 0x1603f7e4a530017 after 0ms
1909733 DEBUG [2017-12-11 16:54:45]  Got ping response for sessionid: 0x1603f7e4a530017 after 0ms
1923067 DEBUG [2017-12-11 16:54:58]  Got ping response for sessionid: 0x1603f7e4a530017 after 0ms
1923147 INFO  [2017-12-11 16:54:58]  ============================= CommunityCenter is alive ! =======================================
1936400 DEBUG [2017-12-11 16:55:11]  Got ping response for sessionid: 0x1603f7e4a530017 after 0ms
1938894 DEBUG [2017-12-11 16:55:14]   [DUBBO] Received heartbeat from remote channel /192.168.89.199:10911, cause: The channel has no data-transmission exceeds a heartbeat period: 60000ms, dubbo version: 2.8.4, current host: 127.0.0.1
1949733 DEBUG [2017-12-11 16:55:25]  Got ping response for sessionid: 0x1603f7e4a530017 after 0ms
1963068 DEBUG [2017-12-11 16:55:38]  Got ping response for sessionid: 0x1603f7e4a530017 after 1ms
1976401 DEBUG [2017-12-11 16:55:51]  Got ping response for sessionid: 0x1603f7e4a530017 after 0ms
1983148 INFO  [2017-12-11 16:55:58]  ============================= CommunityCenter is alive ! =======================================
1989734 DEBUG [2017-12-11 16:56:05]  Got ping response for sessionid: 0x1603f7e4a530017 after 0ms
1998898 DEBUG [2017-12-11 16:56:14]   [DUBBO] Received heartbeat from remote channel /192.168.89.199:10911, cause: The channel has no data-transmission exceeds a heartbeat period: 60000ms, dubbo version: 2.8.4, current host: 127.0.0.1
2003067 DEBUG [2017-12-11 16:56:18]  Got ping response for sessionid: 0x1603f7e4a530017 after 0ms
2016401 DEBUG [2017-12-11 16:56:31]  Got ping response for sessionid: 0x1603f7e4a530017 after 0ms
2029735 DEBUG [2017-12-11 16:56:45]  Got ping response for sessionid: 0x1603f7e4a530017 after 0ms
2043068 DEBUG [2017-12-11 16:56:58]  Got ping response for sessionid: 0x1603f7e4a530017 after 0ms
2043149 INFO  [2017-12-11 16:56:58]  ============================= CommunityCenter is alive ! =======================================
2056402 DEBUG [2017-12-11 16:57:11]  Got ping response for sessionid: 0x1603f7e4a530017 after 0ms
2058901 DEBUG [2017-12-11 16:57:14]   [DUBBO] Received heartbeat from remote channel /192.168.89.199:10911, cause: The channel has no data-transmission exceeds a heartbeat period: 60000ms, dubbo version: 2.8.4, current host: 127.0.0.1
2069735 DEBUG [2017-12-11 16:57:25]  Got ping response for sessionid: 0x1603f7e4a530017 after 0ms
2083069 DEBUG [2017-12-11 16:57:38]  Got ping response for sessionid: 0x1603f7e4a530017 after 0ms
2096402 DEBUG [2017-12-11 16:57:51]  Got ping response for sessionid: 0x1603f7e4a530017 after 0ms
2103150 INFO  [2017-12-11 16:57:58]  ============================= CommunityCenter is alive ! =======================================
2109736 DEBUG [2017-12-11 16:58:05]  Got ping response for sessionid: 0x1603f7e4a530017 after 0ms
2118903 DEBUG [2017-12-11 16:58:14]   [DUBBO] Received heartbeat from remote channel /192.168.89.199:10911, cause: The channel has no data-transmission exceeds a heartbeat period: 60000ms, dubbo version: 2.8.4, current host: 127.0.0.1
2123070 DEBUG [2017-12-11 16:58:18]  Got ping response for sessionid: 0x1603f7e4a530017 after 0ms
2136403 DEBUG [2017-12-11 16:58:31]  Got ping response for sessionid: 0x1603f7e4a530017 after 0ms
2149736 DEBUG [2017-12-11 16:58:45]  Got ping response for sessionid: 0x1603f7e4a530017 after 0ms
2163069 DEBUG [2017-12-11 16:58:58]  Got ping response for sessionid: 0x1603f7e4a530017 after 0ms
2163152 INFO  [2017-12-11 16:58:58]  ============================= CommunityCenter is alive ! =======================================
2176403 DEBUG [2017-12-11 16:59:11]  Got ping response for sessionid: 0x1603f7e4a530017 after 0ms
2178907 DEBUG [2017-12-11 16:59:14]   [DUBBO] Received heartbeat from remote channel /192.168.89.199:10911, cause: The channel has no data-transmission exceeds a heartbeat period: 60000ms, dubbo version: 2.8.4, current host: 127.0.0.1
2189737 DEBUG [2017-12-11 16:59:25]  Got ping response for sessionid: 0x1603f7e4a530017 after 0ms
2203070 DEBUG [2017-12-11 16:59:38]  Got ping response for sessionid: 0x1603f7e4a530017 after 0ms
2216404 DEBUG [2017-12-11 16:59:51]  Got ping response for sessionid: 0x1603f7e4a530017 after 0ms
2223152 INFO  [2017-12-11 16:59:58]  ============================= CommunityCenter is alive ! =======================================
2229737 DEBUG [2017-12-11 17:00:05]  Got ping response for sessionid: 0x1603f7e4a530017 after 0ms
2243071 DEBUG [2017-12-11 17:00:18]  Got ping response for sessionid: 0x1603f7e4a530017 after 0ms
2256404 DEBUG [2017-12-11 17:00:31]  Got ping response for sessionid: 0x1603f7e4a530017 after 0ms
2269738 DEBUG [2017-12-11 17:00:45]  Got ping response for sessionid: 0x1603f7e4a530017 after 0ms
2282776 DEBUG [2017-12-11 17:00:58]   [DUBBO] Send heartbeat to remote channel /192.168.89.199:10911, cause: The channel has no data-transmission exceeds a heartbeat period: 60000ms, dubbo version: 2.8.4, current host: 127.0.0.1
2282779 DEBUG [2017-12-11 17:00:58]   [DUBBO] Receive heartbeat response in thread New I/O server worker #1-1, dubbo version: 2.8.4, current host: 127.0.0.1
2283072 DEBUG [2017-12-11 17:00:58]  Got ping response for sessionid: 0x1603f7e4a530017 after 0ms
2283153 INFO  [2017-12-11 17:00:58]  ============================= CommunityCenter is alive ! =======================================
2296405 DEBUG [2017-12-11 17:01:11]  Got ping response for sessionid: 0x1603f7e4a530017 after 0ms
2309739 DEBUG [2017-12-11 17:01:25]  Got ping response for sessionid: 0x1603f7e4a530017 after 0ms
2323073 DEBUG [2017-12-11 17:01:38]  Got ping response for sessionid: 0x1603f7e4a530017 after 0ms
2336407 DEBUG [2017-12-11 17:01:51]  Got ping response for sessionid: 0x1603f7e4a530017 after 0ms
2342780 DEBUG [2017-12-11 17:01:58]   [DUBBO] Send heartbeat to remote channel /192.168.89.199:10911, cause: The channel has no data-transmission exceeds a heartbeat period: 60000ms, dubbo version: 2.8.4, current host: 127.0.0.1
2342782 DEBUG [2017-12-11 17:01:58]   [DUBBO] Receive heartbeat response in thread New I/O server worker #1-1, dubbo version: 2.8.4, current host: 127.0.0.1
2343153 INFO  [2017-12-11 17:01:58]  ============================= CommunityCenter is alive ! =======================================
2349740 DEBUG [2017-12-11 17:02:05]  Got ping response for sessionid: 0x1603f7e4a530017 after 0ms
2363086 DEBUG [2017-12-11 17:02:18]  Got ping response for sessionid: 0x1603f7e4a530017 after 13ms
2376406 DEBUG [2017-12-11 17:02:31]  Got ping response for sessionid: 0x1603f7e4a530017 after 0ms
2389740 DEBUG [2017-12-11 17:02:45]  Got ping response for sessionid: 0x1603f7e4a530017 after 0ms
2402783 DEBUG [2017-12-11 17:02:58]   [DUBBO] Send heartbeat to remote channel /192.168.89.199:10911, cause: The channel has no data-transmission exceeds a heartbeat period: 60000ms, dubbo version: 2.8.4, current host: 127.0.0.1
2402785 DEBUG [2017-12-11 17:02:58]   [DUBBO] Receive heartbeat response in thread New I/O server worker #1-1, dubbo version: 2.8.4, current host: 127.0.0.1
2403073 DEBUG [2017-12-11 17:02:58]  Got ping response for sessionid: 0x1603f7e4a530017 after 0ms
2403153 INFO  [2017-12-11 17:02:58]  ============================= CommunityCenter is alive ! =======================================
2416407 DEBUG [2017-12-11 17:03:11]  Got ping response for sessionid: 0x1603f7e4a530017 after 0ms
2429740 DEBUG [2017-12-11 17:03:25]  Got ping response for sessionid: 0x1603f7e4a530017 after 0ms
2443074 DEBUG [2017-12-11 17:03:38]  Got ping response for sessionid: 0x1603f7e4a530017 after 0ms
2456407 DEBUG [2017-12-11 17:03:51]  Got ping response for sessionid: 0x1603f7e4a530017 after 0ms
2462787 DEBUG [2017-12-11 17:03:58]   [DUBBO] Send heartbeat to remote channel /192.168.89.199:10911, cause: The channel has no data-transmission exceeds a heartbeat period: 60000ms, dubbo version: 2.8.4, current host: 127.0.0.1
2462788 DEBUG [2017-12-11 17:03:58]   [DUBBO] Receive heartbeat response in thread New I/O server worker #1-1, dubbo version: 2.8.4, current host: 127.0.0.1
2463154 INFO  [2017-12-11 17:03:58]  ============================= CommunityCenter is alive ! =======================================
2469740 DEBUG [2017-12-11 17:04:05]  Got ping response for sessionid: 0x1603f7e4a530017 after 0ms
2483074 DEBUG [2017-12-11 17:04:18]  Got ping response for sessionid: 0x1603f7e4a530017 after 0ms
2496408 DEBUG [2017-12-11 17:04:31]  Got ping response for sessionid: 0x1603f7e4a530017 after 1ms
2509741 DEBUG [2017-12-11 17:04:45]  Got ping response for sessionid: 0x1603f7e4a530017 after 0ms
2522790 DEBUG [2017-12-11 17:04:58]   [DUBBO] Send heartbeat to remote channel /192.168.89.199:10911, cause: The channel has no data-transmission exceeds a heartbeat period: 60000ms, dubbo version: 2.8.4, current host: 127.0.0.1
2522792 DEBUG [2017-12-11 17:04:58]   [DUBBO] Receive heartbeat response in thread New I/O server worker #1-1, dubbo version: 2.8.4, current host: 127.0.0.1
2523075 DEBUG [2017-12-11 17:04:58]  Got ping response for sessionid: 0x1603f7e4a530017 after 0ms
2523155 INFO  [2017-12-11 17:04:58]  ============================= CommunityCenter is alive ! =======================================
2536408 DEBUG [2017-12-11 17:05:11]  Got ping response for sessionid: 0x1603f7e4a530017 after 0ms
2549742 DEBUG [2017-12-11 17:05:25]  Got ping response for sessionid: 0x1603f7e4a530017 after 0ms
2563076 DEBUG [2017-12-11 17:05:38]  Got ping response for sessionid: 0x1603f7e4a530017 after 0ms
2576410 DEBUG [2017-12-11 17:05:51]  Got ping response for sessionid: 0x1603f7e4a530017 after 0ms
2582794 DEBUG [2017-12-11 17:05:58]   [DUBBO] Send heartbeat to remote channel /192.168.89.199:10911, cause: The channel has no data-transmission exceeds a heartbeat period: 60000ms, dubbo version: 2.8.4, current host: 127.0.0.1
2582796 DEBUG [2017-12-11 17:05:58]   [DUBBO] Receive heartbeat response in thread New I/O server worker #1-1, dubbo version: 2.8.4, current host: 127.0.0.1
2583155 INFO  [2017-12-11 17:05:58]  ============================= CommunityCenter is alive ! =======================================
2589743 DEBUG [2017-12-11 17:06:05]  Got ping response for sessionid: 0x1603f7e4a530017 after 0ms
2603077 DEBUG [2017-12-11 17:06:18]  Got ping response for sessionid: 0x1603f7e4a530017 after 0ms
2616411 DEBUG [2017-12-11 17:06:31]  Got ping response for sessionid: 0x1603f7e4a530017 after 0ms
2629744 DEBUG [2017-12-11 17:06:45]  Got ping response for sessionid: 0x1603f7e4a530017 after 0ms
2642798 DEBUG [2017-12-11 17:06:58]   [DUBBO] Send heartbeat to remote channel /192.168.89.199:10911, cause: The channel has no data-transmission exceeds a heartbeat period: 60000ms, dubbo version: 2.8.4, current host: 127.0.0.1
2642800 DEBUG [2017-12-11 17:06:58]   [DUBBO] Receive heartbeat response in thread New I/O server worker #1-1, dubbo version: 2.8.4, current host: 127.0.0.1
2643078 DEBUG [2017-12-11 17:06:58]  Got ping response for sessionid: 0x1603f7e4a530017 after 0ms
2643155 INFO  [2017-12-11 17:06:58]  ============================= CommunityCenter is alive ! =======================================
2656411 DEBUG [2017-12-11 17:07:11]  Got ping response for sessionid: 0x1603f7e4a530017 after 0ms
2669745 DEBUG [2017-12-11 17:07:25]  Got ping response for sessionid: 0x1603f7e4a530017 after 0ms
2683078 DEBUG [2017-12-11 17:07:38]  Got ping response for sessionid: 0x1603f7e4a530017 after 0ms
2696412 DEBUG [2017-12-11 17:07:51]  Got ping response for sessionid: 0x1603f7e4a530017 after 0ms
2702801 DEBUG [2017-12-11 17:07:58]   [DUBBO] Send heartbeat to remote channel /192.168.89.199:10911, cause: The channel has no data-transmission exceeds a heartbeat period: 60000ms, dubbo version: 2.8.4, current host: 127.0.0.1
2702804 DEBUG [2017-12-11 17:07:58]   [DUBBO] Receive heartbeat response in thread New I/O server worker #1-1, dubbo version: 2.8.4, current host: 127.0.0.1
2703156 INFO  [2017-12-11 17:07:58]  ============================= CommunityCenter is alive ! =======================================
2709746 DEBUG [2017-12-11 17:08:05]  Got ping response for sessionid: 0x1603f7e4a530017 after 0ms
2723118 DEBUG [2017-12-11 17:08:18]  Got ping response for sessionid: 0x1603f7e4a530017 after 39ms
